<?xml version="1.0" encoding="UTF-8"?>
<!-- Generated by org.testng.reporters.JUnitXMLReporter -->
<testsuite ignored="0" hostname="DFALPT1087" failures="0" tests="4" name="Default test" time="29.036" errors="0" timestamp="03 Mar 2020 07:40:20 GMT">
  <testcase classname="com.PortalRegistration.GUI_Prefeasibility" name="selectProduct" time="0.201"/>
  <testcase classname="com.PortalRegistration.GUI_Prefeasibility" name="passCoordinates" time="0.196"/>
  <testcase classname="com.PortalRegistration.GUI_Prefeasibility" name="selectBandwidth" time="0.134"/>
  <testcase classname="com.PortalRegistration.GUI_Prefeasibility" name="selectTerm" time="20.382"/>
</testsuite> <!-- Default test -->
