<?xml version="1.0" encoding="UTF-8"?>
<!-- Generated by org.testng.reporters.JUnitXMLReporter -->
<testsuite ignored="0" hostname="DFALPT1087" failures="2" tests="17" name="Test" time="244.403" errors="0" timestamp="22 Jan 2020 10:11:22 GMT">
  <testcase classname="Process_API.AuthKey" name="validAuthKeywithValidParams" time="61.312"/>
  <testcase classname="Process_API.ContentType" name="contentTypeAvailabilityInHeaders" time="0.06"/>
  <testcase classname="Process_API.ProcessBatchLinkUsage" name="processBatchLinkUsageWithAllValidParams" time="32.645">
    <failure type="java.lang.AssertionError" message="expected [0] but found [1]">
      <![CDATA[java.lang.AssertionError: expected [0] but found [1]
at Process_API.ProcessBatchLinkUsage.processBatchLinkUsageWithAllValidParams(ProcessBatchLinkUsage.java:31)
... Removed 30 stack frames]]>
    </failure>
  </testcase> <!-- processBatchLinkUsageWithAllValidParams -->
  <testcase classname="Process_API.AuthKey" name="NoAuthKeywithValidParams" time="0.122"/>
  <testcase classname="Process_API.ContentType" name="contentTypeFormat" time="0.05"/>
  <testcase classname="Process_API.ProcessBatchLinkUsage" name="batchLinkUsageWithAllValidParams2emailList" time="63.328"/>
  <testcase classname="Process_API.AuthKey" name="InvalidAuthKeyWithValidParams" time="0.081"/>
  <testcase classname="Process_API.ProcessBatchLinkUsage" name="batchLinkUsageWithAllValidParamsExceptClientID" time="0.22"/>
  <testcase classname="Process_API.ProcessBatchLinkUsage" name="batchLinkUsagewithAllValidParamsExceptNoClientID" time="0.059"/>
  <testcase classname="Process_API.ProcessBatchLinkUsage" name="batchLinkUsagewithAllValidParamsExceptStartDate" time="0.098"/>
  <testcase classname="Process_API.ProcessBatchLinkUsage" name="batchLinkUsagewithAllValidParamsExceptNoStartDate" time="0.075"/>
  <testcase classname="Process_API.ProcessBatchLinkUsage" name="batchLinkUsagewithAllValidParamsExceptEmailList" time="0.096"/>
  <testcase classname="Process_API.ProcessBatchLinkUsage" name="batchLinkUsagewithAllValidParamsExceptNoEmailList" time="0.065"/>
  <testcase classname="Process_API.ProcessBatchLinkUsage" name="batchLinkUsagewithAllValidParamsExceptNoendDate" time="0.059"/>
  <testcase classname="Process_API.ProcessBatchLinkUsage" name="batchLinkUsagewithAllValidParamsExceptendDate" time="0.256"/>
  <testcase classname="Process_API.ProcessBatchLinkUsage" name="batchLinkUsagewithAllValidParamsExceptProductType" time="0.151"/>
  <testcase classname="Process_API.ProcessBatchLinkUsage" name="batchLinkUsagewithAllValidParamsExceptNoProductType" time="85.642">
    <failure type="java.lang.AssertionError" message="expected [0] but found [1]">
      <![CDATA[java.lang.AssertionError: expected [0] but found [1]
at Process_API.ProcessBatchLinkUsage.batchLinkUsagewithAllValidParamsExceptNoProductType(ProcessBatchLinkUsage.java:350)
... Removed 30 stack frames]]>
    </failure>
  </testcase> <!-- batchLinkUsagewithAllValidParamsExceptNoProductType -->
</testsuite> <!-- Test -->
