<?xml version="1.0" encoding="UTF-8"?>
<testng-results ignored="0" total="1" passed="1" failed="0" skipped="0">
  <reporter-output>
  </reporter-output>
  <suite started-at="2020-05-05T08:48:00Z" name="Default suite" finished-at="2020-05-05T08:48:06Z" duration-ms="5953">
    <groups>
    </groups>
    <test started-at="2020-05-05T08:48:00Z" name="Default test" finished-at="2020-05-05T08:48:06Z" duration-ms="5953">
      <class name="com.SeacomPAYG_UxAPI.validParams">
        <test-method is-config="true" signature="setUP()[pri:0, instance:com.SeacomPAYG_UxAPI.validParams@506ae4d4]" started-at="2020-05-05T08:48:00Z" name="setUP" finished-at="2020-05-05T08:48:00Z" duration-ms="416" status="PASS">
          <reporter-output>
          </reporter-output>
        </test-method> <!-- setUP -->
        <test-method signature="validParamsValidation()[pri:0, instance:com.SeacomPAYG_UxAPI.validParams@506ae4d4]" started-at="2020-05-05T08:48:00Z" name="validParamsValidation" finished-at="2020-05-05T08:48:06Z" duration-ms="5519" status="PASS">
          <reporter-output>
          </reporter-output>
        </test-method> <!-- validParamsValidation -->
      </class> <!-- com.SeacomPAYG_UxAPI.validParams -->
    </test> <!-- Default test -->
  </suite> <!-- Default suite -->
</testng-results>
