<?xml version="1.0" encoding="UTF-8"?>
<!-- Generated by org.testng.reporters.JUnitXMLReporter -->
<testsuite ignored="0" hostname="DFALPT1087" failures="0" tests="17" name="System_API" time="6.375" errors="0" timestamp="23 Jan 2020 05:51:48 GMT">
  <testcase classname="System_API.Downgrade" name="verifydowngradeWithValidOrderIDnValidProdID" time="2.161"/>
  <testcase classname="System_API.UpgradeWithInvalidOrderNProdIDs" name="verifyUpgradeWithInValidOrderIDnProdID" time="0.448"/>
  <testcase classname="System_API.FetchLinkUsageNoOrderId" name="verifyfetchLikUsagewithoutOrderID" time="0.079"/>
  <testcase classname="System_API.ContentTypeFormat" name="contentTypeFormat" time="0.065"/>
  <testcase classname="System_API.VerifyDfaCircuitIdWithNoParam" name="verifydfaCircuitIDwithNoParams" time="0.098"/>
  <testcase classname="System_API.Upgrade" name="verifyUpgradeWithValidOrderIDnProdID" time="1.44"/>
  <testcase classname="System_API.UpgradeWithValidOrderIDNInvalidProdID" name="verifyUpgradeWithValidOrderIDnInValidProdID" time="0.68"/>
  <testcase classname="System_API.VerifyDFACircuitID" name="verifydfaCircuitIDwithValidParams" time="0.14"/>
  <testcase classname="System_API.VerifyDfaCircuitIDWithInvalidParam" name="verifydfaCircuitIDwithInvalidParams" time="0.108"/>
  <testcase classname="System_API.AuthKeyInvalid" name="NoAuthKeywithValidParams" time="0.066"/>
  <testcase classname="System_API.AuthKey" name="validAuthKeywithValidParams" time="0.147"/>
  <testcase classname="System_API.UpgradeWithInvalidOrderIDNValidProdID" name="verifyUpgradeWithInValidOrderIDnValidProdID" time="0.41"/>
  <testcase classname="System_API.ContentType" name="contentTypeAvailabilityInHeaders" time="0.056"/>
  <testcase classname="System_API.FetchLinkUsage" name="verifyfetchLikUsagewithValidOrderID" time="0.171"/>
  <testcase classname="System_API.FetchLinkUsageWithInvalidOrderID" name="verifyfetchLikUsagewithInValidOrderID" time="0.136"/>
  <testcase classname="System_API.AuthKeyNo" name="InvalidAuthKeyWithValidParams" time="0.067"/>
  <testcase classname="System_API.UpgradeWithNoOrderNProdIDs" name="verifyUpgradeNoOrderIDnProdID" time="0.072"/>
</testsuite> <!-- System_API -->
