<?xml version="1.0" encoding="UTF-8"?>
<!-- Generated by org.testng.reporters.JUnitXMLReporter -->
<testsuite ignored="0" hostname="DFALPT1087" failures="0" tests="24" name="UEX_API" time="41.064" errors="0" timestamp="23 Jan 2020 05:17:51 GMT">
  <testcase classname="UEx_API.EndDateInvalid" name="endDateWithInvalidParams" time="8.233"/>
  <testcase classname="UEx_API.EndDateWithEarlyStartDate" name="endDateWithEarlierThanStartDate" time="0.122"/>
  <testcase classname="UEx_API.ApiKeyInvaid" name="invalidapiKey" time="0.106"/>
  <testcase classname="UEx_API.SuccessMsgFalse" name="successMsgFalse" time="0.367"/>
  <testcase classname="UEx_API.Success" name="successMsgTrue" time="4.445"/>
  <testcase classname="UEx_API.EndDateWithout24" name="endDateWithout24th" time="0.059"/>
  <testcase classname="UEx_API.EndDate" name="endDateWithValidParams" time="4.2"/>
  <testcase classname="UEx_API.LastSolidIDPaginationFollowUP" name="lastSolidIdWithPaginationFollowUp" time="0.273"/>
  <testcase classname="UEx_API.StartDateWithInvalidMidnightTime" name="startDateWithInvalidMidnigtTime" time="0.051"/>
  <testcase classname="UEx_API.StartDateInvalid" name="startDateWithInvalidFormat" time="0.1"/>
  <testcase classname="UEx_API.LinkSpeed" name="noRecords" time="4.153"/>
  <testcase classname="UEx_API.ContentType" name="contentTypeAvailabilityInHeaders" time="0.057"/>
  <testcase classname="UEx_API.LastSolidId" name="lastSolidIdWithPagination" time="4.24"/>
  <testcase classname="UEx_API.Message" name="msgWitherrorCode" time="0.059"/>
  <testcase classname="UEx_API.StartDate" name="startDateWithValidFormat" time="4.058"/>
  <testcase classname="UEx_API.ApiKeyNo" name="noapiKey" time="0.071"/>
  <testcase classname="UEx_API.EndDateInvalidMidTime" name="endDateWithInvalidMidnightTime" time="0.041"/>
  <testcase classname="UEx_API.ApiKey" name="validapiKeyWithValidParams" time="2.056"/>
  <testcase classname="UEx_API.StartDateWithout25" name="startDateWithout25thdate" time="0.055"/>
  <testcase classname="UEx_API.Result" name="resultValidate" time="4.029"/>
  <testcase classname="UEx_API.ResultRecordCount" name="recordCount" time="4.044"/>
  <testcase classname="UEx_API.ResultNoRecords" name="noRecords" time="0.048"/>
  <testcase classname="UEx_API.EndDateWithLatestStardDate" name="endDateWithLatestThanStartDate" time="0.043"/>
  <testcase classname="UEx_API.ContentType" name="contentTypeformat" time="0.103"/>
</testsuite> <!-- UEX_API -->
