<?xml version="1.0" encoding="UTF-8"?>
<testng-results ignored="0" total="1" passed="1" failed="0" skipped="0">
  <reporter-output>
  </reporter-output>
  <suite started-at="2020-05-05T12:43:00 SAST" name="Suite" finished-at="2020-05-05T12:43:20 SAST" duration-ms="19785">
    <groups>
    </groups>
    <test started-at="2020-05-05T12:43:00 SAST" name="Test" finished-at="2020-05-05T12:43:20 SAST" duration-ms="19785">
      <class name="com.PortalRegistration.APIAccess_DevPortal">
        <test-method signature="login()[pri:0, instance:com.PortalRegistration.APIAccess_DevPortal@61dd025]" started-at="2020-05-05T12:43:00 SAST" name="login" finished-at="2020-05-05T12:43:20 SAST" duration-ms="19701" status="PASS">
          <reporter-output>
          </reporter-output>
        </test-method> <!-- login -->
      </class> <!-- com.PortalRegistration.APIAccess_DevPortal -->
    </test> <!-- Test -->
  </suite> <!-- Suite -->
</testng-results>
