<?xml version="1.0" encoding="UTF-8"?>
<!-- Generated by org.testng.reporters.JUnitReportReporter -->
<testsuite hostname="DFALPT1087" failures="2" tests="8" name="com.ICM_UxAPI.GetConnectedBuildings" time="9.852" errors="0" timestamp="31 Mar 2020 14:50:30 GMT" skipped="0">
  <testcase classname="com.ICM_UxAPI.GetConnectedBuildings" name="getConnectedBuildingsValidation" time="1.323"/>
  <testcase classname="com.ICM_UxAPI.GetConnectedBuildings" name="invalidwhere1Is11getConnectedBuildings" time="0.932"/>
  <testcase classname="com.ICM_UxAPI.GetConnectedBuildings" name="validresultOffsetIs1001getConnectedBuildings" time="2.047">
    <failure message="1 expectation failed.
Response body doesn&#039;t match expectation.
Expected: a string containing &quot;28.80173561&quot;
  Actual: [displayFieldName:Building_Name, fieldAliases:[DFA_Connected_Y_N:DFA_Connected, QBRecordID:QB Record ID, Longitude:Longitude, Latitude:Latitude], fields:[[name:DFA_Connected_Y_N, type:esriFieldTypeString, alias:DFA_Connected, length:50], [name:QBRecordID, type:esriFieldTypeInteger, alias:QB Record ID], [name:Longitude, type:esriFieldTypeDouble, alias:Longitude], [name:Latitude, type:esriFieldTypeDouble, alias:Latitude]], features:[[attributes:[DFA_Connected_Y_N:Yes, QBRecordID:98522, Longitude:28.036423, Latitude:-26.108568]], [attributes:[DFA_Connected_Y_N:Yes, QBRecordID:82141, Longitude:28.009336, Latitude:-26.11477]], [attributes:[DFA_Connected_Y_N:Yes, QBRecordID:80834, Longitude:28.090202, Latitude:-26.089994]], [attributes:[DFA_Connected_Y_N:Yes, QBRecordID:79813, Longitude:28.089233, Latitude:-26.09301]], [attributes:[DFA_Connected_Y_N:Yes, QBRecordID:81625, Longitude:28.029974, Latitude:-26.092974]], [attributes:[DFA_Connected_Y_N:Yes, QBRecordID:95548, Longitude:28.059729, Latitude:-26.0898]], [attributes:[DFA_Connected_Y_N:Yes, QBRecordID:95547, Longitude:28.059155, Latitude:-26.08954]], [attributes:[DFA_Connected_Y_N:Yes, QBRecordID:95549, Longitude:28.059994, Latitude:-26.08931]], [attributes:[DFA_Connected_Y_N:Yes, QBRecordID:95550, Longitude:28.059507, Latitude:-26.08899]], [attributes:[DFA_Connected_Y_N:Yes, QBRecordID:99247, Longitude:28.008068, Latitude:-26.0877]], [attributes:[DFA_Connected_Y_N:Yes, QBRecordID:96778, Longitude:28.089067, Latitude:-26.066149]], [attributes:[DFA_Connected_Y_N:Yes, QBRecordID:79839, Longitude:28.05984, Latitude:-26.057098]], [attributes:[DFA_Connected_Y_N:Yes, QBRecordID:103749, Longitude:28.006798, Latitude:-26.23889]], [attributes:[DFA_Connected_Y_N:Yes, QBRecordID:94798, Longitude:28.01362, Latitude:-26.246199]], [attributes:[DFA_Connected_Y_N:Yes, QBRecordID:82787, Longitude:28.020678, Latitude:-26.21446]], [attributes:[DFA_Connected_Y_N:Yes, QBRecordID:92962, Longitude:28.031073, Latitude:-26.238455]], [attributes:[DFA_Connected_Y_N:Yes, QBRecordID:0, Longitude:28.05764, Latitude:-26.084166]], [attributes:[DFA_Connected_Y_N:Yes, QBRecordID:99539, Longitude:28.008318, Latitude:-26.20385]], [attributes:[DFA_Connected_Y_N:Yes, QBRecordID:100869, Longitude:28.06645, Latitude:-26.202374]], [attributes:[DFA_Connected_Y_N:Yes, QBRecordID:81943, Longitude:28.063797, Latitude:-26.206059]], [attributes:[DFA_Connected_Y_N:Yes, QBRecordID:17298, Longitude:28.044039, Latitude:-26.208542]], [attributes:[DFA_Connected_Y_N:Yes, QBRecordID:94273, Longitude:28.06371, Latitude:-26.201641]], [attributes:[DFA_Connected_Y_N:Yes, QBRecordID:82706, Longitude:28.115618, Latitude:-26.201593]], [attributes:[DFA_Connected_Y_N:Yes, QBRecordID:92151, Longitude:28.074207, Latitude:-26.127764]], [attributes:[DFA_Connected_Y_N:Yes, QBRecordID:83478, Longitude:28.050724, Latitude:-26.253576]], [attributes:[DFA_Connected_Y_N:Yes, QBRecordID:91823, Longitude:28.06064, Latitude:-26.250254]], [attributes:[DFA_Connected_Y_N:Yes, QBRecordID:93060, Longitude:28.05494, Latitude:-26.238749]], [attributes:[DFA_Connected_Y_N:Yes, QBRecordID:91324, Longitude:28.065208, Latitude:-26.240522]], [attributes:[DFA_Connected_Y_N:Yes, QBRecordID:71534, Longitude:28.082188, Latitude:-26.076992]], [attributes:[DFA_Connected_Y_N:Yes, QBRecordID:99161, Longitude:28.01185, Latitude:-26.096468]], [attributes:[DFA_Connected_Y_N:Yes, QBRecordID:92606, Longitude:28.024847, Latitude:-26.067762]], [attributes:[DFA_Connected_Y_N:Yes, QBRecordID:79870, Longitude:28.021217, Latitude:-26.194197]], [attributes:[DFA_Connected_Y_N:Yes, QBRecordID:105095, Longitude:28.014357, Latitude:-26.181042]], [attributes:[DFA_Connected_Y_N:Yes, QBRecordID:91985, Longitude:28.11953, Latitude:-26.175837]], [attributes:[DFA_Connected_Y_N:Yes, QBRecordID:95990, Longitude:28.027777, Latitude:-26.120396]], [attributes:[DFA_Connected_Y_N:Yes, QBRecordID:83680, Longitude:28.01156, Latitude:-26.204346]], [attributes:[DFA_Connected_Y_N:Yes, QBRecordID:90313, Longitude:28.019161, Latitude:-26.205082]], [attributes:[DFA_Connected_Y_N:Yes, QBRecordID:93342, Longitude:28.05832, Latitude:-26.05551]], [attributes:[DFA_Connected_Y_N:Yes, QBRecordID:92914, Longitude:28.008768, Latitude:-26.259478]], [attributes:[DFA_Connected_Y_N:Yes, QBRecordID:74139, Longitude:27.972742, Latitude:-26.190073]], [attributes:[DFA_Connected_Y_N:Yes, QBRecordID:75538, Longitude:27.990198, Latitude:-26.1854]], [attributes:[DFA_Connected_Y_N:Yes, QBRecordID:83785, Longitude:27.949617, Latitude:-26.174952]], [attributes:[DFA_Connected_Y_N:Yes, QBRecordID:12056, Longitude:27.945753, Latitude:-26.129833]], [attributes:[DFA_Connected_Y_N:Yes, QBRecordID:78620, Longitude:28.067902, Latitude:-26.041275]], [attributes:[DFA_Connected_Y_N:Yes, QBRecordID:93472, Longitude:28.026737, Latitude:-26.039211]], [attributes:[DFA_Connected_Y_N:Yes, QBRecordID:104632, Longitude:28.05267, Latitude:-26.048647]], [attributes:[DFA_Connected_Y_N:Yes, QBRecordID:9090, Longitude:28.062258, Latitude:-26.039644]], [attributes:[DFA_Connected_Y_N:Yes, QBRecordID:79177, Longitude:28.017988, Latitude:-26.113853]], [attributes:[DFA_Connected_Y_N:Yes, QBRecordID:100083, Longitude:28.009916, Latitude:-26.11616]], [attributes:[DFA_Connected_Y_N:Yes, QBRecordID:92480, Longitude:28.012913, Latitude:-26.18447]], [attributes:[DFA_Connected_Y_N:Yes, QBRecordID:90335, Longitude:28.012896, Latitude:-26.17393]], [attributes:[DFA_Connected_Y_N:Yes, QBRecordID:99143, Longitude:28.013353, Latitude:-26.096472]], [attributes:[DFA_Connected_Y_N:Yes, QBRecordID:94254, Longitude:27.982712, Latitude:-26.089636]], [attributes:[DFA_Connected_Y_N:Yes, QBRecordID:99232, Longitude:28.006739, Latitude:-26.085766]], [attributes:[DFA_Connected_Y_N:Yes, QBRecordID:81960, Longitude:28.00646, Latitude:-26.08832]], [attributes:[DFA_Connected_Y_N:Yes, QBRecordID:103819, Longitude:28.059393, Latitude:-26.061974]], [attributes:[DFA_Connected_Y_N:Yes, QBRecordID:75489, Longitude:28.086876, Latitude:-26.067684]], [attributes:[DFA_Connected_Y_N:Yes, QBRecordID:97689, Longitude:28.043104, Latitude:-26.221619]], [attributes:[DFA_Connected_Y_N:Yes, QBRecordID:106026, Longitude:28.04541, Latitude:-26.204853]], [attributes:[DFA_Connected_Y_N:Yes, QBRecordID:79884, Longitude:28.04159, Latitude:-26.21063]], [attributes:[DFA_Connected_Y_N:Yes, QBRecordID:105230, Longitude:28.054392, Latitude:-26.208845]], [attributes:[DFA_Connected_Y_N:Yes, QBRecordID:81560, Longitude:28.064053, Latitude:-26.2068]], [attributes:[DFA_Connected_Y_N:Yes, QBRecordID:94987, Longitude:28.05088, Latitude:-26.206882]], [attributes:[DFA_Connected_Y_N:Yes, QBRecordID:0, Longitude:28.02097, Latitude:-26.209171]], [attributes:[DFA_Connected_Y_N:Yes, QBRecordID:92083, Longitude:28.01515, Latitude:-26.215025]], [attributes:[DFA_Connected_Y_N:Yes, QBRecordID:94988, Longitude:28.04901, Latitude:-26.206373]], [attributes:[DFA_Connected_Y_N:Yes, QBRecordID:82349, Longitude:28.021269, Latitude:-26.201168]], [attributes:[DFA_Connected_Y_N:Yes, QBRecordID:81328, Longitude:28.047558, Latitude:-26.200012]], [attributes:[DFA_Connected_Y_N:Yes, QBRecordID:105787, Longitude:28.050797, Latitude:-26.206179]], [attributes:[DFA_Connected_Y_N:Yes, QBRecordID:81905, Longitude:28.008726, Latitude:-26.09581]], [attributes:[DFA_Connected_Y_N:Yes, QBRecordID:81741, Longitude:28.000204, Latitude:-26.091515]], [attributes:[DFA_Connected_Y_N:Yes, QBRecordID:100178, Longitude:28.100014, Latitude:-26.11494]], [attributes:[DFA_Connected_Y_N:Yes, QBRecordID:106394, Longitude:28.108883, Latitude:-26.114677]], [attributes:[DFA_Connected_Y_N:Yes, QBRecordID:0, Longitude:28.084152, Latitude:-26.099693]], [attributes:[DFA_Connected_Y_N:Yes, QBRecordID:10642, Longitude:27.974434, Latitude:-26.199417]], [attributes:[DFA_Connected_Y_N:Yes, QBRecordID:82561, Longitude:27.957281, Latitude:-26.185637]], [attributes:[DFA_Connected_Y_N:Yes, QBRecordID:92147, Longitude:28.052946, Latitude:-26.208742]], [attributes:[DFA_Connected_Y_N:Yes, QBRecordID:82524, Longitude:28.045536, Latitude:-26.21614]], [attributes:[DFA_Connected_Y_N:Yes, QBRecordID:78265, Longitude:28.036953, Latitude:-26.207172]], [attributes:[DFA_Connected_Y_N:Yes, QBRecordID:97325, Longitude:27.964405, Latitude:-26.181396]], [attributes:[DFA_Connected_Y_N:Yes, QBRecordID:91689, Longitude:28.002325, Latitude:-26.115995]], [attributes:[DFA_Connected_Y_N:Yes, QBRecordID:103765, Longitude:28.099068, Latitude:-26.207325]], [attributes:[DFA_Connected_Y_N:Yes, QBRecordID:103853, Longitude:28.10094, Latitude:-26.206585]], [attributes:[DFA_Connected_Y_N:Yes, QBRecordID:82762, Longitude:28.099442, Latitude:-26.208601]], [attributes:[DFA_Connected_Y_N:Yes, QBRecordID:105033, Longitude:27.977575, Latitude:-26.20315]], [attributes:[DFA_Connected_Y_N:Yes, QBRecordID:94520, Longitude:27.982025, Latitude:-26.202393]], [attributes:[DFA_Connected_Y_N:Yes, QBRecordID:92824, Longitude:27.97801, Latitude:-26.206404]], [attributes:[DFA_Connected_Y_N:Yes, QBRecordID:79310, Longitude:27.9982, Latitude:-26.220314]], [attributes:[DFA_Connected_Y_N:Yes, QBRecordID:82740, Longitude:27.977428, Latitude:-26.0792]], [attributes:[DFA_Connected_Y_N:Yes, QBRecordID:80895, Longitude:27.976683, Latitude:-26.080717]], [attributes:[DFA_Connected_Y_N:Yes, QBRecordID:91981, Longitude:27.977371, Latitude:-26.082247]], [attributes:[DFA_Connected_Y_N:Yes, QBRecordID:88579, Longitude:28.084118, Latitude:-26.120522]], [attributes:[DFA_Connected_Y_N:Yes, QBRecordID:89185, Longitude:28.09638, Latitude:-26.116695]], [attributes:[DFA_Connected_Y_N:Yes, QBRecordID:82358, Longitude:28.087347, Latitude:-26.117004]], [attributes:[DFA_Connected_Y_N:Yes, QBRecordID:101316, Longitude:28.095016, Latitude:-26.117327]], [attributes:[DFA_Connected_Y_N:Yes, QBRecordID:95211, Longitude:28.0903, Latitude:-26.118612]], [attributes:[DFA_Connected_Y_N:Yes, QBRecordID:92239, Longitude:28.089064, Latitude:-26.12102]], [attributes:[DFA_Connected_Y_N:Yes, QBRecordID:105097, Longitude:28.015312, Latitude:-26.249811]], [attributes:[DFA_Connected_Y_N:Yes, QBRecordID:105516, Longitude:28.106358, Latitude:-26.24953]], [attributes:[DFA_Connected_Y_N:Yes, QBRecordID:15753, Longitude:28.019386, Latitude:-26.18647]], [attributes:[DFA_Connected_Y_N:Yes, QBRecordID:94456, Longitude:28.084957, Latitude:-26.116133]], [attributes:[DFA_Connected_Y_N:Yes, QBRecordID:101046, Longitude:28.0788, Latitude:-26.112944]], [attributes:[DFA_Connected_Y_N:Yes, QBRecordID:94142, Longitude:28.079117, Latitude:-26.113007]], [attributes:[DFA_Connected_Y_N:Yes, QBRecordID:96485, Longitude:28.08145, Latitude:-26.114113]], [attributes:[DFA_Connected_Y_N:Yes, QBRecordID:101350, Longitude:28.10601, Latitude:-26.114256]], [attributes:[DFA_Connected_Y_N:Yes, QBRecordID:15679, Longitude:28.10617, Latitude:-26.113592]], [attributes:[DFA_Connected_Y_N:Yes, QBRecordID:91393, Longitude:28.080917, Latitude:-26.109116]], [attributes:[DFA_Connected_Y_N:Yes, QBRecordID:90951, Longitude:28.086819, Latitude:-26.114689]], [attributes:[DFA_Connected_Y_N:Yes, QBRecordID:80849, Longitude:28.084713, Latitude:-26.107162]], [attributes:[DFA_Connected_Y_N:Yes, QBRecordID:101054, Longitude:28.080624, Latitude:-26.104425]], [attributes:[DFA_Connected_Y_N:Yes, QBRecordID:101053, Longitude:28.08055, Latitude:-26.104809]], [attributes:[DFA_Connected_Y_N:Yes, QBRecordID:15765, Longitude:28.079556, Latitude:-26.105593]], [attributes:[DFA_Connected_Y_N:Yes, QBRecordID:100425, Longitude:28.103977, Latitude:-26.112854]], [attributes:[DFA_Connected_Y_N:Yes, QBRecordID:73096, Longitude:28.086096, Latitude:-26.105124]], [attributes:[DFA_Connected_Y_N:Yes, QBRecordID:81494, Longitude:28.084846, Latitude:-26.105957]], [attributes:[DFA_Connected_Y_N:Yes, QBRecordID:100159, Longitude:28.081017, Latitude:-26.110155]], [attributes:[DFA_Connected_Y_N:Yes, QBRecordID:90458, Longitude:28.078032, Latitude:-26.105486]], [attributes:[DFA_Connected_Y_N:Yes, QBRecordID:104317, Longitude:28.083593, Latitude:-26.09982]], [attributes:[DFA_Connected_Y_N:Yes, QBRecordID:96828, Longitude:28.081463, Latitude:-26.101276]], [attributes:[DFA_Connected_Y_N:Yes, QBRecordID:91832, Longitude:28.082518, Latitude:-26.101223]], [attributes:[DFA_Connected_Y_N:Yes, QBRecordID:104385, Longitude:28.084993, Latitude:-26.099464]], [attributes:[DFA_Connected_Y_N:Yes, QBRecordID:98875, Longitude:28.080633, Latitude:-26.100597]], [attributes:[DFA_Connected_Y_N:Yes, QBRecordID:101576, Longitude:28.082294, Latitude:-26.102633]], [attributes:[DFA_Connected_Y_N:Yes, QBRecordID:96799, Longitude:28.08052, Latitude:-26.103447]], [attributes:[DFA_Connected_Y_N:Yes, QBRecordID:96799, Longitude:28.080029, Latitude:-26.10374]], [attributes:[DFA_Connected_Y_N:Yes, QBRecordID:79915, Longitude:28.079123, Latitude:-26.102674]], [attributes:[DFA_Connected_Y_N:Yes, QBRecordID:88390, Longitude:28.080101, Latitude:-26.102383]], [attributes:[DFA_Connected_Y_N:Yes, QBRecordID:97909, Longitude:28.084143, Latitude:-26.104006]], [attributes:[DFA_Connected_Y_N:Yes, QBRecordID:79922, Longitude:28.084896, Latitude:-26.102613]], [attributes:[DFA_Connected_Y_N:Yes, QBRecordID:92084, Longitude:28.089533, Latitude:-26.08213]], [attributes:[DFA_Connected_Y_N:Yes, QBRecordID:92174, Longitude:28.08871, Latitude:-26.085829]], [attributes:[DFA_Connected_Y_N:Yes, QBRecordID:98881, Longitude:28.090145, Latitude:-26.085306]], [attributes:[DFA_Connected_Y_N:Yes, QBRecordID:95186, Longitude:28.093884, Latitude:-26.085419]], [attributes:[DFA_Connected_Y_N:Yes, QBRecordID:91173, Longitude:28.094631, Latitude:-26.085466]], [attributes:[DFA_Connected_Y_N:Yes, QBRecordID:80537, Longitude:28.093973, Latitude:-26.086098]], [attributes:[DFA_Connected_Y_N:Yes, QBRecordID:93433, Longitude:28.077368, Latitude:-26.0894]], [attributes:[DFA_Connected_Y_N:Yes, QBRecordID:80450, Longitude:28.07781, Latitude:-26.088041]], [attributes:[DFA_Connected_Y_N:Yes, QBRecordID:79916, Longitude:28.084898, Latitude:-26.088953]], [attributes:[DFA_Connected_Y_N:Yes, QBRecordID:93095, Longitude:28.082233, Latitude:-26.089764]], [attributes:[DFA_Connected_Y_N:Yes, QBRecordID:78523, Longitude:28.081932, Latitude:-26.089462]], [attributes:[DFA_Connected_Y_N:Yes, QBRecordID:92630, Longitude:28.090887, Latitude:-26.088865]], [attributes:[DFA_Connected_Y_N:Yes, QBRecordID:97283, Longitude:28.092585, Latitude:-26.097216]], [attributes:[DFA_Connected_Y_N:Yes, QBRecordID:101966, Longitude:28.083601, Latitude:-26.088533]], [attributes:[DFA_Connected_Y_N:Yes, QBRecordID:81311, Longitude:28.084475, Latitude:-26.099157]], [attributes:[DFA_Connected_Y_N:Yes, QBRecordID:93056, Longitude:28.081966, Latitude:-26.099022]], [attributes:[DFA_Connected_Y_N:Yes, QBRecordID:91638, Longitude:28.092571, Latitude:-26.086721]], [attributes:[DFA_Connected_Y_N:Yes, QBRecordID:95366, Longitude:28.091032, Latitude:-26.087309]], [attributes:[DFA_Connected_Y_N:Yes, QBRecordID:89166, Longitude:28.087896, Latitude:-26.081196]], [attributes:[DFA_Connected_Y_N:Yes, QBRecordID:94968, Longitude:28.090103, Latitude:-26.085806]], [attributes:[DFA_Connected_Y_N:Yes, QBRecordID:91244, Longitude:28.094864, Latitude:-26.085781]], [attributes:[DFA_Connected_Y_N:Yes, QBRecordID:81629, Longitude:28.075424, Latitude:-26.08804]], [attributes:[DFA_Connected_Y_N:Yes, QBRecordID:79929, Longitude:28.077356, Latitude:-26.09051]], [attributes:[DFA_Connected_Y_N:Yes, QBRecordID:106238, Longitude:28.092012, Latitude:-26.119804]], [attributes:[DFA_Connected_Y_N:Yes, QBRecordID:98752, Longitude:28.083986, Latitude:-26.089945]], [attributes:[DFA_Connected_Y_N:Yes, QBRecordID:105211, Longitude:28.085173, Latitude:-26.097376]], [attributes:[DFA_Connected_Y_N:Yes, QBRecordID:106217, Longitude:28.003897, Latitude:-26.236002]], [attributes:[DFA_Connected_Y_N:Yes, QBRecordID:74494, Longitude:28.020033, Latitude:-26.245892]], [attributes:[DFA_Connected_Y_N:Yes, QBRecordID:82127, Longitude:28.015713, Latitude:-26.248062]], [attributes:[DFA_Connected_Y_N:Yes, QBRecordID:10755, Longitude:28.088984, Latitude:-26.23477]], [attributes:[DFA_Connected_Y_N:Yes, QBRecordID:96832, Longitude:28.09886, Latitude:-26.242655]], [attributes:[DFA_Connected_Y_N:Yes, QBRecordID:80077, Longitude:28.02662, Latitude:-26.233469]], [attributes:[DFA_Connected_Y_N:Yes, QBRecordID:99241, Longitude:28.095676, Latitude:-26.246132]], [attributes:[DFA_Connected_Y_N:Yes, QBRecordID:79458, Longitude:28.103241, Latitude:-26.247152]], [attributes:[DFA_Connected_Y_N:Yes, QBRecordID:97302, Longitude:28.021646, Latitude:-26.229546]], [attributes:[DFA_Connected_Y_N:Yes, QBRecordID:92240, Longitude:28.085648, Latitude:-26.230433]], [attributes:[DFA_Connected_Y_N:Yes, QBRecordID:96723, Longitude:28.095718, Latitude:-26.248718]], [attributes:[DFA_Connected_Y_N:Yes, QBRecordID:80965, Longitude:28.101614, Latitude:-26.243496]], [attributes:[DFA_Connected_Y_N:Yes, QBRecordID:15758, Longitude:28.027468, Latitude:-26.231897]], [attributes:[DFA_Connected_Y_N:Yes, QBRecordID:82752, Longitude:28.052916, Latitude:-26.227245]], [attributes:[DFA_Connected_Y_N:Yes, QBRecordID:99883, Longitude:28.118443, Latitude:-26.212849]], [attributes:[DFA_Connected_Y_N:Yes, QBRecordID:94343, Longitude:28.118881, Latitude:-26.212173]], [attributes:[DFA_Connected_Y_N:Yes, QBRecordID:92634, Longitude:28.11331, Latitude:-26.213594]], [attributes:[DFA_Connected_Y_N:Yes, QBRecordID:104260, Longitude:28.040352, Latitude:-26.219748]], [attributes:[DFA_Connected_Y_N:Yes, QBRecordID:94338, Longitude:28.03716, Latitude:-26.222342]], [attributes:[DFA_Connected_Y_N:Yes, QBRecordID:100405, Longitude:28.045155, Latitude:-26.220087]], [attributes:[DFA_Connected_Y_N:Yes, QBRecordID:105161, Longitude:28.042128, Latitude:-26.213568]], [attributes:[DFA_Connected_Y_N:Yes, QBRecordID:94294, Longitude:28.026281, Latitude:-26.225765]], [attributes:[DFA_Connected_Y_N:Yes, QBRecordID:92623, Longitude:28.03293, Latitude:-26.213272]], [attributes:[DFA_Connected_Y_N:Yes, QBRecordID:97382, Longitude:28.03742, Latitude:-26.21673]], [attributes:[DFA_Connected_Y_N:Yes, QBRecordID:100430, Longitude:28.034157, Latitude:-26.213245]], [attributes:[DFA_Connected_Y_N:Yes, QBRecordID:79485, Longitude:28.037891, Latitude:-26.221184]], [attributes:[DFA_Connected_Y_N:Yes, QBRecordID:97124, Longitude:28.044882, Latitude:-26.22251]], [attributes:[DFA_Connected_Y_N:Yes, QBRecordID:82767, Longitude:28.007399, Latitude:-26.21694]], [attributes:[DFA_Connected_Y_N:Yes, QBRecordID:82013, Longitude:28.00327, Latitude:-26.217417]], [attributes:[DFA_Connected_Y_N:Yes, QBRecordID:92934, Longitude:28.102783, Latitude:-26.205317]], [attributes:[DFA_Connected_Y_N:Yes, QBRecordID:100620, Longitude:28.083475, Latitude:-26.211565]], [attributes:[DFA_Connected_Y_N:Yes, QBRecordID:104796, Longitude:28.09861, Latitude:-26.20648]], [attributes:[DFA_Connected_Y_N:Yes, QBRecordID:81605, Longitude:28.095142, Latitude:-26.209663]], [attributes:[DFA_Connected_Y_N:Yes, QBRecordID:106452, Longitude:28.061962, Latitude:-26.209293]], [attributes:[DFA_Connected_Y_N:Yes, QBRecordID:105984, Longitude:28.048717, Latitude:-26.229387]], [attributes:[DFA_Connected_Y_N:Yes, QBRecordID:100764, Longitude:28.08385, Latitude:-26.208921]], [attributes:[DFA_Connected_Y_N:Yes, QBRecordID:104409, Longitude:28.07925, Latitude:-26.208992]], [attributes:[DFA_Connected_Y_N:Yes, QBRecordID:78700, Longitude:28.005627, Latitude:-26.21017]], [attributes:[DFA_Connected_Y_N:Yes, QBRecordID:79637, Longitude:28.006958, Latitude:-26.209694]], [attributes:[DFA_Connected_Y_N:Yes, QBRecordID:79182, Longitude:28.04538, Latitude:-26.210445]], [attributes:[DFA_Connected_Y_N:Yes, QBRecordID:89286, Longitude:28.117252, Latitude:-26.205606]], [attributes:[DFA_Connected_Y_N:Yes, QBRecordID:104544, Longitude:28.11837, Latitude:-26.20316]], [attributes:[DFA_Connected_Y_N:Yes, QBRecordID:92392, Longitude:28.12789, Latitude:-26.204117]], [attributes:[DFA_Connected_Y_N:Yes, QBRecordID:92832, Longitude:28.084103, Latitude:-26.098352]], [attributes:[DFA_Connected_Y_N:Yes, QBRecordID:80466, Longitude:28.049023, Latitude:-26.230602]], [attributes:[DFA_Connected_Y_N:Yes, QBRecordID:103553, Longitude:28.028818, Latitude:-26.22757]], [attributes:[DFA_Connected_Y_N:Yes, QBRecordID:98243, Longitude:28.048712, Latitude:-26.216616]], [attributes:[DFA_Connected_Y_N:Yes, QBRecordID:0, Longitude:28.031122, Latitude:-26.226128]], [attributes:[DFA_Connected_Y_N:Yes, QBRecordID:83503, Longitude:28.042154, Latitude:-26.215082]], [attributes:[DFA_Connected_Y_N:Yes, QBRecordID:102531, Longitude:28.080767, Latitude:-26.089052]], [attributes:[DFA_Connected_Y_N:Yes, QBRecordID:104386, Longitude:27.98366, Latitude:-26.25087]], [attributes:[DFA_Connected_Y_N:Yes, QBRecordID:94346, Longitude:27.973566, Latitude:-26.258621]], [attributes:[DFA_Connected_Y_N:Yes, QBRecordID:100644, Longitude:28.125647, Latitude:-26.22003]], [attributes:[DFA_Connected_Y_N:Yes, QBRecordID:81573, Longitude:27.977346, Latitude:-26.256582]], [attributes:[DFA_Connected_Y_N:Yes, QBRecordID:79828, Longitude:27.975414, Latitude:-26.259745]], [attributes:[DFA_Connected_Y_N:Yes, QBRecordID:92706, Longitude:28.019894, Latitude:-26.189445]], [attributes:[DFA_Connected_Y_N:Yes, QBRecordID:94292, Longitude:27.965593, Latitude:-26.112934]], [attributes:[DFA_Connected_Y_N:Yes, QBRecordID:99192, Longitude:28.030815, Latitude:-26.190172]], [attributes:[DFA_Connected_Y_N:Yes, QBRecordID:81896, Longitude:28.03107, Latitude:-26.193943]], [attributes:[DFA_Connected_Y_N:Yes, QBRecordID:92759, Longitude:28.035473, Latitude:-26.19223]], [attributes:[DFA_Connected_Y_N:Yes, QBRecordID:92755, Longitude:28.035398, Latitude:-26.19176]], [attributes:[DFA_Connected_Y_N:Yes, QBRecordID:81050, Longitude:28.048683, Latitude:-26.178959]], [attributes:[DFA_Connected_Y_N:Yes, QBRecordID:80017, Longitude:28.046267, Latitude:-26.18215]], [attributes:[DFA_Connected_Y_N:Yes, QBRecordID:92760, Longitude:28.034853, Latitude:-26.19268]], [attributes:[DFA_Connected_Y_N:Yes, QBRecordID:92405, Longitude:28.03102, Latitude:-26.195484]], [attributes:[DFA_Connected_Y_N:Yes, QBRecordID:79837, Longitude:28.030853, Latitude:-26.194574]], [attributes:[DFA_Connected_Y_N:Yes, QBRecordID:81320, Longitude:28.031813, Latitude:-26.193777]], [attributes:[DFA_Connected_Y_N:Yes, QBRecordID:80011, Longitude:28.032679, Latitude:-26.180279]], [attributes:[DFA_Connected_Y_N:Yes, QBRecordID:70822, Longitude:28.030441, Latitude:-26.19243]], [attributes:[DFA_Connected_Y_N:Yes, QBRecordID:92784, Longitude:28.053665, Latitude:-26.196491]], [attributes:[DFA_Connected_Y_N:Yes, QBRecordID:16983, Longitude:28.035786, Latitude:-26.194633]], [attributes:[DFA_Connected_Y_N:Yes, QBRecordID:82250, Longitude:28.035944, Latitude:-26.19221]], [attributes:[DFA_Connected_Y_N:Yes, QBRecordID:0, Longitude:28.03727, Latitude:-26.192835]], [attributes:[DFA_Connected_Y_N:Yes, QBRecordID:92805, Longitude:28.036291, Latitude:-26.193745]], [attributes:[DFA_Connected_Y_N:Yes, QBRecordID:93165, Longitude:28.038414, Latitude:-26.192688]], [attributes:[DFA_Connected_Y_N:Yes, QBRecordID:0, Longitude:28.043333, Latitude:-26.1929]], [attributes:[DFA_Connected_Y_N:Yes, QBRecordID:92739, Longitude:28.037561, Latitude:-26.19472]], [attributes:[DFA_Connected_Y_N:Yes, QBRecordID:92763, Longitude:28.036749, Latitude:-26.195389]], [attributes:[DFA_Connected_Y_N:Yes, QBRecordID:75126, Longitude:28.060709, Latitude:-26.193005]], [attributes:[DFA_Connected_Y_N:Yes, QBRecordID:82006, Longitude:28.054905, Latitude:-26.194082]], [attributes:[DFA_Connected_Y_N:Yes, QBRecordID:91481, Longitude:28.04831, Latitude:-26.189411]], [attributes:[DFA_Connected_Y_N:Yes, QBRecordID:97266, Longitude:28.04671, Latitude:-26.193651]], [attributes:[DFA_Connected_Y_N:Yes, QBRecordID:103831, Longitude:28.047867, Latitude:-26.183956]], [attributes:[DFA_Connected_Y_N:Yes, QBRecordID:15203, Longitude:28.045261, Latitude:-26.191582]], [attributes:[DFA_Connected_Y_N:Yes, QBRecordID:15164, Longitude:28.06808, Latitude:-26.136189]], [attributes:[DFA_Connected_Y_N:Yes, QBRecordID:94362, Longitude:28.039976, Latitude:-26.149458]], [attributes:[DFA_Connected_Y_N:Yes, QBRecordID:98556, Longitude:28.043444, Latitude:-26.147215]], [attributes:[DFA_Connected_Y_N:Yes, QBRecordID:104411, Longitude:28.067528, Latitude:-26.1365]], [attributes:[DFA_Connected_Y_N:Yes, QBRecordID:82747, Longitude:28.048332, Latitude:-26.167822]], [attributes:[DFA_Connected_Y_N:Yes, QBRecordID:92225, Longitude:28.048174, Latitude:-26.163403]], [attributes:[DFA_Connected_Y_N:Yes, QBRecordID:72099, Longitude:28.067669, Latitude:-26.135649]], [attributes:[DFA_Connected_Y_N:Yes, QBRecordID:75128, Longitude:28.069164, Latitude:-26.131445]], [attributes:[DFA_Connected_Y_N:Yes, QBRecordID:81900, Longitude:28.04895, Latitude:-26.186205]], [attributes:[DFA_Connected_Y_N:Yes, QBRecordID:91256, Longitude:28.046549, Latitude:-26.177902]], [attributes:[DFA_Connected_Y_N:Yes, QBRecordID:104266, Longitude:28.03349, Latitude:-26.17915]], [attributes:[DFA_Connected_Y_N:Yes, QBRecordID:103316, Longitude:28.044935, Latitude:-26.168922]], [attributes:[DFA_Connected_Y_N:Yes, QBRecordID:0, Longitude:28.053267, Latitude:-26.169687]], [attributes:[DFA_Connected_Y_N:Yes, QBRecordID:79556, Longitude:28.048336, Latitude:-26.176981]], [attributes:[DFA_Connected_Y_N:Yes, QBRecordID:98360, Longitude:28.047417, Latitude:-26.168354]], [attributes:[DFA_Connected_Y_N:Yes, QBRecordID:73521, Longitude:28.046225, Latitude:-26.11551]], [attributes:[DFA_Connected_Y_N:Yes, QBRecordID:94457, Longitude:28.045614, Latitude:-26.119267]], [attributes:[DFA_Connected_Y_N:Yes, QBRecordID:96533, Longitude:28.045584, Latitude:-26.118862]], [attributes:[DFA_Connected_Y_N:Yes, QBRecordID:88576, Longitude:28.0659, Latitude:-26.130276]], [attributes:[DFA_Connected_Y_N:Yes, QBRecordID:74325, Longitude:28.049986, Latitude:-26.127062]], [attributes:[DFA_Connected_Y_N:Yes, QBRecordID:91161, Longitude:28.048403, Latitude:-26.121103]], [attributes:[DFA_Connected_Y_N:Yes, QBRecordID:91437, Longitude:28.056646, Latitude:-26.107805]], [attributes:[DFA_Connected_Y_N:Yes, QBRecordID:81036, Longitude:28.045145, Latitude:-26.11589]], [attributes:[DFA_Connected_Y_N:Yes, QBRecordID:94598, Longitude:28.046043, Latitude:-26.118736]], [attributes:[DFA_Connected_Y_N:Yes, QBRecordID:101001, Longitude:28.053389, Latitude:-26.147678]], [attributes:[DFA_Connected_Y_N:Yes, QBRecordID:98842, Longitude:28.052057, Latitude:-26.14804]], [attributes:[DFA_Connected_Y_N:Yes, QBRecordID:91176, Longitude:28.045258, Latitude:-26.148916]], [attributes:[DFA_Connected_Y_N:Yes, QBRecordID:71819, Longitude:28.054764, Latitude:-26.094597]], [attributes:[DFA_Connected_Y_N:Yes, QBRecordID:82760, Longitude:28.059494, Latitude:-26.103836]], [attributes:[DFA_Connected_Y_N:Yes, QBRecordID:94367, Longitude:28.05651, Latitude:-26.094707]], [attributes:[DFA_Connected_Y_N:Yes, QBRecordID:94669, Longitude:28.054813, Latitude:-26.097082]], [attributes:[DFA_Connected_Y_N:Yes, QBRecordID:15307, Longitude:28.056726, Latitude:-26.09526]], [attributes:[DFA_Connected_Y_N:Yes, QBRecordID:82350, Longitude:28.057114, Latitude:-26.132404]], [attributes:[DFA_Connected_Y_N:Yes, QBRecordID:92049, Longitude:28.047651, Latitude:-26.099377]], [attributes:[DFA_Connected_Y_N:Yes, QBRecordID:83427, Longitude:28.059044, Latitude:-26.099041]], [attributes:[DFA_Connected_Y_N:Yes, QBRecordID:73420, Longitude:28.085339, Latitude:-26.088188]], [attributes:[DFA_Connected_Y_N:Yes, QBRecordID:71773, Longitude:28.06006, Latitude:-26.049309]], [attributes:[DFA_Connected_Y_N:Yes, QBRecordID:93155, Longitude:28.011028, Latitude:-26.234764]], [attributes:[DFA_Connected_Y_N:Yes, QBRecordID:12927, Longitude:28.03502, Latitude:-26.19421]], [attributes:[DFA_Connected_Y_N:Yes, QBRecordID:106798, Longitude:28.09576, Latitude:-26.244179]], [attributes:[DFA_Connected_Y_N:Yes, QBRecordID:104242, Longitude:31.8881, Latitude:-28.741346]], [attributes:[DFA_Connected_Y_N:Yes, QBRecordID:92494, Longitude:31.895227, Latitude:-28.756342]], [attributes:[DFA_Connected_Y_N:Yes, QBRecordID:16833, Longitude:31.898117, Latitude:-28.753107]], [attributes:[DFA_Connected_Y_N:Yes, QBRecordID:76028, Longitude:31.89179, Latitude:-28.746977]], [attributes:[DFA_Connected_Y_N:Yes, QBRecordID:78211, Longitude:31.893454, Latitude:-28.740309]], [attributes:[DFA_Connected_Y_N:Yes, QBRecordID:92728, Longitude:31.890175, Latitude:-28.747551]], [attributes:[DFA_Connected_Y_N:Yes, QBRecordID:102973, Longitude:31.893406, Latitude:-28.735544]], [attributes:[DFA_Connected_Y_N:Yes, QBRecordID:94102, Longitude:31.884281, Latitude:-28.744726]], [attributes:[DFA_Connected_Y_N:Yes, QBRecordID:78536, Longitude:32.102097, Latitude:-28.78162]], [attributes:[DFA_Connected_Y_N:Yes, QBRecordID:0, Longitude:32.043232, Latitude:-28.759703]], [attributes:[DFA_Connected_Y_N:Yes, QBRecordID:80813, Longitude:32.07783, Latitude:-28.792645]], [attributes:[DFA_Connected_Y_N:Yes, QBRecordID:74741, Longitude:32.049896, Latitude:-28.750782]], [attributes:[DFA_Connected_Y_N:Yes, QBRecordID:81811, Longitude:31.901356, Latitude:-28.775139]], [attributes:[DFA_Connected_Y_N:Yes, QBRecordID:79931, Longitude:31.902395, Latitude:-28.776659]], [attributes:[DFA_Connected_Y_N:Yes, QBRecordID:92685, Longitude:31.894716, Latitude:-28.778322]], [attributes:[DFA_Connected_Y_N:Yes, QBRecordID:79928, Longitude:32.023796, Latitude:-28.750984]], [attributes:[DFA_Connected_Y_N:Yes, QBRecordID:82384, Longitude:32.017776, Latitude:-28.76488]], [attributes:[DFA_Connected_Y_N:Yes, QBRecordID:92816, Longitude:31.93848, Latitude:-28.769478]], [attributes:[DFA_Connected_Y_N:Yes, QBRecordID:92463, Longitude:30.832111, Latitude:-29.8142]], [attributes:[DFA_Connected_Y_N:Yes, QBRecordID:92671, Longitude:30.831541, Latitude:-29.814106]], [attributes:[DFA_Connected_Y_N:Yes, QBRecordID:82216, Longitude:30.837263, Latitude:-29.811783]], [attributes:[DFA_Connected_Y_N:Yes, QBRecordID:104077, Longitude:30.834192, Latitude:-29.820045]], [attributes:[DFA_Connected_Y_N:Yes, QBRecordID:80997, Longitude:30.845325, Latitude:-29.804945]], [attributes:[DFA_Connected_Y_N:Yes, QBRecordID:92875, Longitude:30.83681, Latitude:-29.814653]], [attributes:[DFA_Connected_Y_N:Yes, QBRecordID:16380, Longitude:31.756382, Latitude:-28.956472]], [attributes:[DFA_Connected_Y_N:Yes, QBRecordID:80478, Longitude:30.816946, Latitude:-29.825237]], [attributes:[DFA_Connected_Y_N:Yes, QBRecordID:87625, Longitude:30.818666, Latitude:-29.8251]], [attributes:[DFA_Connected_Y_N:Yes, QBRecordID:97366, Longitude:30.817225, Latitude:-29.820324]], [attributes:[DFA_Connected_Y_N:Yes, QBRecordID:98200, Longitude:30.823294, Latitude:-29.816755]], [attributes:[DFA_Connected_Y_N:Yes, QBRecordID:103854, Longitude:30.826124, Latitude:-29.817284]], [attributes:[DFA_Connected_Y_N:Yes, QBRecordID:94763, Longitude:30.82486, Latitude:-29.81574]], [attributes:[DFA_Connected_Y_N:Yes, QBRecordID:81144, Longitude:30.825655, Latitude:-29.812914]], [attributes:[DFA_Connected_Y_N:Yes, QBRecordID:104245, Longitude:30.824972, Latitude:-29.813974]], [attributes:[DFA_Connected_Y_N:Yes, QBRecordID:92833, Longitude:30.820318, Latitude:-29.821985]], [attributes:[DFA_Connected_Y_N:Yes, QBRecordID:94403, Longitude:30.768875, Latitude:-29.786263]], [attributes:[DFA_Connected_Y_N:Yes, QBRecordID:79638, Longitude:30.763422, Latitude:-29.782614]], [attributes:[DFA_Connected_Y_N:Yes, QBRecordID:80476, Longitude:30.844004, Latitude:-29.806889]], [attributes:[DFA_Connected_Y_N:Yes, QBRecordID:18332, Longitude:30.808466, Latitude:-29.820974]], [attributes:[DFA_Connected_Y_N:Yes, QBRecordID:104350, Longitude:30.864367, Latitude:-30.086645]], [attributes:[DFA_Connected_Y_N:Yes, QBRecordID:92377, Longitude:30.889364, Latitude:-30.027784]], [attributes:[DFA_Connected_Y_N:Yes, QBRecordID:81626, Longitude:30.87831, Latitude:-30.064997]], [attributes:[DFA_Connected_Y_N:Yes, QBRecordID:82023, Longitude:30.887403, Latitude:-30.029413]], [attributes:[DFA_Connected_Y_N:Yes, QBRecordID:78693, Longitude:30.886766, Latitude:-30.028782]], [attributes:[DFA_Connected_Y_N:Yes, QBRecordID:81038, Longitude:30.879343, Latitude:-30.062754]], [attributes:[DFA_Connected_Y_N:Yes, QBRecordID:0, Longitude:30.905716, Latitude:-30.02626]], [attributes:[DFA_Connected_Y_N:Yes, QBRecordID:104624, Longitude:31.022022, Latitude:-29.784245]], [attributes:[DFA_Connected_Y_N:Yes, QBRecordID:16787, Longitude:31.017595, Latitude:-29.7931]], [attributes:[DFA_Connected_Y_N:Yes, QBRecordID:79923, Longitude:31.011408, Latitude:-29.803173]], [attributes:[DFA_Connected_Y_N:Yes, QBRecordID:103180, Longitude:30.99736, Latitude:-29.804441]], [attributes:[DFA_Connected_Y_N:Yes, QBRecordID:104320, Longitude:30.997326, Latitude:-29.803091]], [attributes:[DFA_Connected_Y_N:Yes, QBRecordID:5429, Longitude:31.072319, Latitude:-29.726902]], [attributes:[DFA_Connected_Y_N:Yes, QBRecordID:92498, Longitude:30.88684, Latitude:-30.026787]], [attributes:[DFA_Connected_Y_N:Yes, QBRecordID:79639, Longitude:31.023642, Latitude:-29.814375]], [attributes:[DFA_Connected_Y_N:Yes, QBRecordID:88555, Longitude:31.032791, Latitude:-29.806923]], [attributes:[DFA_Connected_Y_N:Yes, QBRecordID:76061, Longitude:31.00569, Latitude:-29.806318]], [attributes:[DFA_Connected_Y_N:Yes, QBRecordID:79192, Longitude:30.994402, Latitude:-29.814236]], [attributes:[DFA_Connected_Y_N:Yes, QBRecordID:80001, Longitude:30.99084, Latitude:-29.809381]], [attributes:[DFA_Connected_Y_N:Yes, QBRecordID:102139, Longitude:31.001469, Latitude:-29.803911]], [attributes:[DFA_Connected_Y_N:Yes, QBRecordID:83540, Longitude:30.984325, Latitude:-29.845543]], [attributes:[DFA_Connected_Y_N:Yes, QBRecordID:80314, Longitude:30.990725, Latitude:-29.840546]], [attributes:[DFA_Connected_Y_N:Yes, QBRecordID:5537, Longitude:30.998798, Latitude:-29.833763]], [attributes:[DFA_Connected_Y_N:Yes, QBRecordID:5528, Longitude:31.012985, Latitude:-29.816063]], [attributes:[DFA_Connected_Y_N:Yes, QBRecordID:8449, Longitude:31.066011, Latitude:-29.725466]], [attributes:[DFA_Connected_Y_N:Yes, QBRecordID:97146, Longitude:31.046532, Latitude:-29.758356]], [attributes:[DFA_Connected_Y_N:Yes, QBRecordID:92751, Longitude:31.055807, Latitude:-29.773338]], [attributes:[DFA_Connected_Y_N:Yes, QBRecordID:79137, Longitude:31.000387, Latitude:-29.871557]], [attributes:[DFA_Connected_Y_N:Yes, QBRecordID:83575, Longitude:31.000643, Latitude:-29.860573]], [attributes:[DFA_Connected_Y_N:Yes, QBRecordID:79137, Longitude:31.002321, Latitude:-29.87007]], [attributes:[DFA_Connected_Y_N:Yes, QBRecordID:81663, Longitude:30.99502, Latitude:-29.86589]], [attributes:[DFA_Connected_Y_N:Yes, QBRecordID:83574, Longitude:30.973162, Latitude:-29.86296]], [attributes:[DFA_Connected_Y_N:Yes, QBRecordID:5266, Longitude:30.958412, Latitude:-29.87457]], [attributes:[DFA_Connected_Y_N:Yes, QBRecordID:76341, Longitude:31.020142, Latitude:-29.846148]], [attributes:[DFA_Connected_Y_N:Yes, QBRecordID:71679, Longitude:31.029608, Latitude:-29.84625]], [attributes:[DFA_Connected_Y_N:Yes, QBRecordID:82075, Longitude:31.02538, Latitude:-29.842081]], [attributes:[DFA_Connected_Y_N:Yes, QBRecordID:91081, Longitude:31.033073, Latitude:-29.830544]], [attributes:[DFA_Connected_Y_N:Yes, QBRecordID:91735, Longitude:31.013517, Latitude:-29.840647]], [attributes:[DFA_Connected_Y_N:Yes, QBRecordID:14040, Longitude:30.99776, Latitude:-29.783926]], [attributes:[DFA_Connected_Y_N:Yes, QBRecordID:92764, Longitude:31.00288, Latitude:-29.767776]], [attributes:[DFA_Connected_Y_N:Yes, QBRecordID:14064, Longitude:31.004246, Latitude:-29.776213]], [attributes:[DFA_Connected_Y_N:Yes, QBRecordID:80010, Longitude:31.03234, Latitude:-29.84984]], [attributes:[DFA_Connected_Y_N:Yes, QBRecordID:103856, Longitude:31.000301, Latitude:-29.782866]], [attributes:[DFA_Connected_Y_N:Yes, QBRecordID:14049, Longitude:31.001392, Latitude:-29.784193]], [attributes:[DFA_Connected_Y_N:Yes, QBRecordID:14050, Longitude:31.001823, Latitude:-29.783978]], [attributes:[DFA_Connected_Y_N:Yes, QBRecordID:14063, Longitude:31.003035, Latitude:-29.775818]], [attributes:[DFA_Connected_Y_N:Yes, QBRecordID:88951, Longitude:31.001348, Latitude:-29.769644]], [attributes:[DFA_Connected_Y_N:Yes, QBRecordID:14054, Longitude:31.003704, Latitude:-29.781626]], [attributes:[DFA_Connected_Y_N:Yes, QBRecordID:76354, Longitude:31.005592, Latitude:-29.860746]], [attributes:[DFA_Connected_Y_N:Yes, QBRecordID:76057, Longitude:31.009693, Latitude:-29.795406]], [attributes:[DFA_Connected_Y_N:Yes, QBRecordID:81615, Longitude:31.013296, Latitude:-29.805658]], [attributes:[DFA_Connected_Y_N:Yes, QBRecordID:92789, Longitude:31.029284, Latitude:-29.847553]], [attributes:[DFA_Connected_Y_N:Yes, QBRecordID:78469, Longitude:31.02335, Latitude:-29.82076]], [attributes:[DFA_Connected_Y_N:Yes, QBRecordID:81288, Longitude:31.015944, Latitude:-29.830872]], [attributes:[DFA_Connected_Y_N:Yes, QBRecordID:106162, Longitude:31.007238, Latitude:-29.860504]], [attributes:[DFA_Connected_Y_N:Yes, QBRecordID:92627, Longitude:30.996809, Latitude:-29.86826]], [attributes:[DFA_Connected_Y_N:Yes, QBRecordID:104226, Longitude:31.003502, Latitude:-29.862125]], [attributes:[DFA_Connected_Y_N:Yes, QBRecordID:93107, Longitude:31.004389, Latitude:-29.863394]], [attributes:[DFA_Connected_Y_N:Yes, QBRecordID:82377, Longitude:30.991722, Latitude:-29.797924]], [attributes:[DFA_Connected_Y_N:Yes, QBRecordID:104191, Longitude:31.022882, Latitude:-29.838358]], [attributes:[DFA_Connected_Y_N:Yes, QBRecordID:92330, Longitude:31.071363, Latitude:-29.727987]], [attributes:[DFA_Connected_Y_N:Yes, QBRecordID:14051, Longitude:31.002117, Latitude:-29.785013]], [attributes:[DFA_Connected_Y_N:Yes, QBRecordID:81875, Longitude:31.061155, Latitude:-29.722755]], [attributes:[DFA_Connected_Y_N:Yes, QBRecordID:14055, Longitude:31.003748, Latitude:-29.782366]], [attributes:[DFA_Connected_Y_N:Yes, QBRecordID:82682, Longitude:31.069218, Latitude:-29.70928]], [attributes:[DFA_Connected_Y_N:Yes, QBRecordID:5539, Longitude:30.99183, Latitude:-29.856249]], [attributes:[DFA_Connected_Y_N:Yes, QBRecordID:80561, Longitude:31.131376, Latitude:-29.560015]], [attributes:[DFA_Connected_Y_N:Yes, QBRecordID:79851, Longitude:31.196018, Latitude:-29.523342]], [attributes:[DFA_Connected_Y_N:Yes, QBRecordID:80473, Longitude:31.218325, Latitude:-29.539078]], [attributes:[DFA_Connected_Y_N:Yes, QBRecordID:104739, Longitude:31.202011, Latitude:-29.4937]], [attributes:[DFA_Connected_Y_N:Yes, QBRecordID:7832, Longitude:31.035753, Latitude:-29.715473]], [attributes:[DFA_Connected_Y_N:Yes, QBRecordID:76304, Longitude:31.004416, Latitude:-29.726486]], [attributes:[DFA_Connected_Y_N:Yes, QBRecordID:16805, Longitude:31.040115, Latitude:-29.710304]], [attributes:[DFA_Connected_Y_N:Yes, QBRecordID:79819, Longitude:31.114271, Latitude:-29.60802]], [attributes:[DFA_Connected_Y_N:Yes, QBRecordID:78595, Longitude:31.001272, Latitude:-29.707014]], [attributes:[DFA_Connected_Y_N:Yes, QBRecordID:18293, Longitude:31.105068, Latitude:-29.6187]], [attributes:[DFA_Connected_Y_N:Yes, QBRecordID:94516, Longitude:31.03635, Latitude:-29.729029]], [attributes:[DFA_Connected_Y_N:Yes, QBRecordID:5372, Longitude:31.034803, Latitude:-29.70579]], [attributes:[DFA_Connected_Y_N:Yes, QBRecordID:74574, Longitude:30.916216, Latitude:-29.836674]], [attributes:[DFA_Connected_Y_N:Yes, QBRecordID:82178, Longitude:30.915583, Latitude:-29.83614]], [attributes:[DFA_Connected_Y_N:Yes, QBRecordID:70870, Longitude:30.91899, Latitude:-29.834034]], [attributes:[DFA_Connected_Y_N:Yes, QBRecordID:92444, Longitude:30.855534, Latitude:-29.827324]], [attributes:[DFA_Connected_Y_N:Yes, QBRecordID:8450, Longitude:30.935823, Latitude:-29.849197]], [attributes:[DFA_Connected_Y_N:Yes, QBRecordID:93447, Longitude:30.962545, Latitude:-29.802797]], [attributes:[DFA_Connected_Y_N:Yes, QBRecordID:76076, Longitude:30.886541, Latitude:-29.807196]], [attributes:[DFA_Connected_Y_N:Yes, QBRecordID:106437, Longitude:30.884806, Latitude:-29.80246]], [attributes:[DFA_Connected_Y_N:Yes, QBRecordID:104299, Longitude:30.884897, Latitude:-29.798296]], [attributes:[DFA_Connected_Y_N:Yes, QBRecordID:82678, Longitude:30.88086, Latitude:-29.808489]], [attributes:[DFA_Connected_Y_N:Yes, QBRecordID:82131, Longitude:30.88097, Latitude:-29.796957]], [attributes:[DFA_Connected_Y_N:Yes, QBRecordID:74972, Longitude:30.88454, Latitude:-29.797266]], [attributes:[DFA_Connected_Y_N:Yes, QBRecordID:96653, Longitude:30.874577, Latitude:-29.818727]], [attributes:[DFA_Connected_Y_N:Yes, QBRecordID:76420, Longitude:30.874712, Latitude:-29.806248]], [attributes:[DFA_Connected_Y_N:Yes, QBRecordID:79930, Longitude:30.870647, Latitude:-29.812304]], [attributes:[DFA_Connected_Y_N:Yes, QBRecordID:92421, Longitude:30.86935, Latitude:-29.808477]], [attributes:[DFA_Connected_Y_N:Yes, QBRecordID:79634, Longitude:30.850044, Latitude:-29.819286]], [attributes:[DFA_Connected_Y_N:Yes, QBRecordID:104341, Longitude:30.859865, Latitude:-29.818705]], [attributes:[DFA_Connected_Y_N:Yes, QBRecordID:78243, Longitude:30.86541, Latitude:-29.818867]], [attributes:[DFA_Connected_Y_N:Yes, QBRecordID:78893, Longitude:30.861612, Latitude:-29.819952]], [attributes:[DFA_Connected_Y_N:Yes, QBRecordID:80070, Longitude:30.860329, Latitude:-29.823261]], [attributes:[DFA_Connected_Y_N:Yes, QBRecordID:79495, Longitude:30.865088, Latitude:-29.823336]], [attributes:[DFA_Connected_Y_N:Yes, QBRecordID:94380, Longitude:30.856165, Latitude:-29.815077]], [attributes:[DFA_Connected_Y_N:Yes, QBRecordID:96519, Longitude:30.848892, Latitude:-29.816536]], [attributes:[DFA_Connected_Y_N:Yes, QBRecordID:103620, Longitude:30.847923, Latitude:-29.812984]], [attributes:[DFA_Connected_Y_N:Yes, QBRecordID:80769, Longitude:30.868753, Latitude:-29.806105]], [attributes:[DFA_Connected_Y_N:Yes, QBRecordID:82756, Longitude:30.845888, Latitude:-29.814585]], [attributes:[DFA_Connected_Y_N:Yes, QBRecordID:5531, Longitude:30.864403, Latitude:-29.81104]], [attributes:[DFA_Connected_Y_N:Yes, QBRecordID:82467, Longitude:30.88346, Latitude:-29.80836]], [attributes:[DFA_Connected_Y_N:Yes, QBRecordID:92798, Longitude:30.88085, Latitude:-29.806566]], [attributes:[DFA_Connected_Y_N:Yes, QBRecordID:90321, Longitude:30.889898, Latitude:-29.807278]], [attributes:[DFA_Connected_Y_N:Yes, QBRecordID:80508, Longitude:30.855442, Latitude:-29.826122]], [attributes:[DFA_Connected_Y_N:Yes, QBRecordID:0, Longitude:30.861244, Latitude:-29.822275]], [attributes:[DFA_Connected_Y_N:Yes, QBRecordID:81486, Longitude:30.995537, Latitude:-29.77275]], [attributes:[DFA_Connected_Y_N:Yes, QBRecordID:79852, Longitude:30.997408, Latitude:-29.77187]], [attributes:[DFA_Connected_Y_N:Yes, QBRecordID:94628, Longitude:30.869108, Latitude:-29.81838]], [attributes:[DFA_Connected_Y_N:Yes, QBRecordID:101179, Longitude:30.993467, Latitude:-29.77594]], [attributes:[DFA_Connected_Y_N:Yes, QBRecordID:79569, Longitude:30.997086, Latitude:-29.773842]], [attributes:[DFA_Connected_Y_N:Yes, QBRecordID:14031, Longitude:30.995523, Latitude:-29.786015]], [attributes:[DFA_Connected_Y_N:Yes, QBRecordID:18333, Longitude:30.886972, Latitude:-29.801817]], [attributes:[DFA_Connected_Y_N:Yes, QBRecordID:94381, Longitude:30.8617, Latitude:-29.813898]], [attributes:[DFA_Connected_Y_N:Yes, QBRecordID:94381, Longitude:30.861774, Latitude:-29.814074]], [attributes:[DFA_Connected_Y_N:Yes, QBRecordID:7833, Longitude:30.906553, Latitude:-29.909616]], [attributes:[DFA_Connected_Y_N:Yes, QBRecordID:94126, Longitude:30.93058, Latitude:-29.984034]], [attributes:[DFA_Connected_Y_N:Yes, QBRecordID:82558, Longitude:30.932919, Latitude:-29.98509]], [attributes:[DFA_Connected_Y_N:Yes, QBRecordID:78242, Longitude:30.92562, Latitude:-29.999187]], [attributes:[DFA_Connected_Y_N:Yes, QBRecordID:92968, Longitude:30.932444, Latitude:-29.984844]], [attributes:[DFA_Connected_Y_N:Yes, QBRecordID:83550, Longitude:30.870203, Latitude:-29.913565]], [attributes:[DFA_Connected_Y_N:Yes, QBRecordID:82148, Longitude:30.870403, Latitude:-29.856718]], [attributes:[DFA_Connected_Y_N:Yes, QBRecordID:95567, Longitude:30.905333, Latitude:-29.89334]], [attributes:[DFA_Connected_Y_N:Yes, QBRecordID:92737, Longitude:31.023396, Latitude:-29.858107]], [attributes:[DFA_Connected_Y_N:Yes, QBRecordID:78249, Longitude:31.03136, Latitude:-29.858868]], [attributes:[DFA_Connected_Y_N:Yes, QBRecordID:79409, Longitude:31.021517, Latitude:-29.855225]], [attributes:[DFA_Connected_Y_N:Yes, QBRecordID:103544, Longitude:31.022673, Latitude:-29.861168]], [attributes:[DFA_Connected_Y_N:Yes, QBRecordID:104645, Longitude:31.032953, Latitude:-29.859394]], [attributes:[DFA_Connected_Y_N:Yes, QBRecordID:79890, Longitude:31.041681, Latitude:-29.863096]], [attributes:[DFA_Connected_Y_N:Yes, QBRecordID:94802, Longitude:31.017889, Latitude:-29.858894]], [attributes:[DFA_Connected_Y_N:Yes, QBRecordID:83519, Longitude:31.020481, Latitude:-29.859488]], [attributes:[DFA_Connected_Y_N:Yes, QBRecordID:0, Longitude:31.041058, Latitude:-29.861053]], [attributes:[DFA_Connected_Y_N:Yes, QBRecordID:83463, Longitude:31.03784, Latitude:-29.85538]], [attributes:[DFA_Connected_Y_N:Yes, QBRecordID:0, Longitude:31.04264, Latitude:-29.864843]], [attributes:[DFA_Connected_Y_N:Yes, QBRecordID:94675, Longitude:30.965431, Latitude:-29.934368]], [attributes:[DFA_Connected_Y_N:Yes, QBRecordID:79648, Longitude:30.963934, Latitude:-29.931875]], [attributes:[DFA_Connected_Y_N:Yes, QBRecordID:79907, Longitude:30.945036, Latitude:-29.968863]], [attributes:[DFA_Connected_Y_N:Yes, QBRecordID:94800, Longitude:31.013166, Latitude:-29.911371]], [attributes:[DFA_Connected_Y_N:Yes, QBRecordID:78626, Longitude:30.9902, Latitude:-29.923681]], [attributes:[DFA_Connected_Y_N:Yes, QBRecordID:76357, Longitude:30.973806, Latitude:-29.933443]], [attributes:[DFA_Connected_Y_N:Yes, QBRecordID:76077, Longitude:30.974936, Latitude:-29.925076]], [attributes:[DFA_Connected_Y_N:Yes, QBRecordID:103019, Longitude:30.979992, Latitude:-29.930183]], [attributes:[DFA_Connected_Y_N:Yes, QBRecordID:93160, Longitude:30.97392, Latitude:-29.938335]], [attributes:[DFA_Connected_Y_N:Yes, QBRecordID:104224, Longitude:30.956884, Latitude:-29.944023]], [attributes:[DFA_Connected_Y_N:Yes, QBRecordID:16803, Longitude:31.037188, Latitude:-29.850965]], [attributes:[DFA_Connected_Y_N:Yes, QBRecordID:78253, Longitude:30.977533, Latitude:-29.901707]], [attributes:[DFA_Connected_Y_N:Yes, QBRecordID:16757, Longitude:30.96693, Latitude:-29.932768]], [attributes:[DFA_Connected_Y_N:Yes, QBRecordID:104333, Longitude:31.033106, Latitude:-29.854643]], [attributes:[DFA_Connected_Y_N:Yes, QBRecordID:75487, Longitude:31.035303, Latitude:-29.85429]], [attributes:[DFA_Connected_Y_N:Yes, QBRecordID:82391, Longitude:31.038403, Latitude:-29.854458]], [attributes:[DFA_Connected_Y_N:Yes, QBRecordID:82173, Longitude:30.99072, Latitude:-29.918585]], [attributes:[DFA_Connected_Y_N:Yes, QBRecordID:76548, Longitude:30.936958, Latitude:-29.986822]], [attributes:[DFA_Connected_Y_N:Yes, QBRecordID:81275, Longitude:30.93952, Latitude:-29.99041]], [attributes:[DFA_Connected_Y_N:Yes, QBRecordID:80481, Longitude:30.936464, Latitude:-30.004353]], [attributes:[DFA_Connected_Y_N:Yes, QBRecordID:80114, Longitude:30.938997, Latitude:-30.003712]], [attributes:[DFA_Connected_Y_N:Yes, QBRecordID:92351, Longitude:30.935186, Latitude:-29.987566]], [attributes:[DFA_Connected_Y_N:Yes, QBRecordID:76829, Longitude:30.930658, Latitude:-30.001307]], [attributes:[DFA_Connected_Y_N:Yes, QBRecordID:106806, Longitude:30.934938, Latitude:-30.00472]], [attributes:[DFA_Connected_Y_N:Yes, QBRecordID:101129, Longitude:30.93095, Latitude:-30.005806]], [attributes:[DFA_Connected_Y_N:Yes, QBRecordID:103137, Longitude:31.292673, Latitude:-29.339113]], [attributes:[DFA_Connected_Y_N:Yes, QBRecordID:100609, Longitude:31.292898, Latitude:-29.338732]], [attributes:[DFA_Connected_Y_N:Yes, QBRecordID:102369, Longitude:31.289097, Latitude:-29.346502]], [attributes:[DFA_Connected_Y_N:Yes, QBRecordID:104692, Longitude:31.291632, Latitude:-29.337326]], [attributes:[DFA_Connected_Y_N:Yes, QBRecordID:76549, Longitude:30.789188, Latitude:-27.767107]], [attributes:[DFA_Connected_Y_N:Yes, QBRecordID:94797, Longitude:30.794062, Latitude:-27.767899]], [attributes:[DFA_Connected_Y_N:Yes, QBRecordID:105092, Longitude:30.819021, Latitude:-27.422539]], [attributes:[DFA_Connected_Y_N:Yes, QBRecordID:92597, Longitude:30.416939, Latitude:-29.664473]], [attributes:[DFA_Connected_Y_N:Yes, QBRecordID:80791, Longitude:30.425007, Latitude:-29.654577]], [attributes:[DFA_Connected_Y_N:Yes, QBRecordID:82385, Longitude:30.412697, Latitude:-29.643057]], [attributes:[DFA_Connected_Y_N:Yes, QBRecordID:79576, Longitude:30.381762, Latitude:-29.605]], [attributes:[DFA_Connected_Y_N:Yes, QBRecordID:94428, Longitude:30.379478, Latitude:-29.604647]], [attributes:[DFA_Connected_Y_N:Yes, QBRecordID:79886, Longitude:30.382912, Latitude:-29.602913]], [attributes:[DFA_Connected_Y_N:Yes, QBRecordID:92814, Longitude:30.373186, Latitude:-29.601738]], [attributes:[DFA_Connected_Y_N:Yes, QBRecordID:97895, Longitude:30.37853, Latitude:-29.601553]], [attributes:[DFA_Connected_Y_N:Yes, QBRecordID:103751, Longitude:30.385855, Latitude:-29.602629]], [attributes:[DFA_Connected_Y_N:Yes, QBRecordID:94801, Longitude:30.37726, Latitude:-29.600601]], [attributes:[DFA_Connected_Y_N:Yes, QBRecordID:81621, Longitude:30.377073, Latitude:-29.597221]], [attributes:[DFA_Connected_Y_N:Yes, QBRecordID:81285, Longitude:30.383453, Latitude:-29.59845]], [attributes:[DFA_Connected_Y_N:Yes, QBRecordID:104243, Longitude:30.379997, Latitude:-29.595272]], [attributes:[DFA_Connected_Y_N:Yes, QBRecordID:76005, Longitude:30.380121, Latitude:-29.605488]], [attributes:[DFA_Connected_Y_N:Yes, QBRecordID:104855, Longitude:30.375322, Latitude:-29.625347]], [attributes:[DFA_Connected_Y_N:Yes, QBRecordID:104737, Longitude:30.371103, Latitude:-29.627712]], [attributes:[DFA_Connected_Y_N:Yes, QBRecordID:106614, Longitude:30.37108, Latitude:-29.63984]], [attributes:[DFA_Connected_Y_N:Yes, QBRecordID:80982, Longitude:30.359106, Latitude:-29.571058]], [attributes:[DFA_Connected_Y_N:Yes, QBRecordID:101017, Longitude:30.39844, Latitude:-29.587954]], [attributes:[DFA_Connected_Y_N:Yes, QBRecordID:5387, Longitude:30.407068, Latitude:-29.56259]], [attributes:[DFA_Connected_Y_N:Yes, QBRecordID:97262, Longitude:30.37002, Latitude:-29.637129]], [attributes:[DFA_Connected_Y_N:Yes, QBRecordID:94283, Longitude:29.424416, Latitude:-23.941488]], [attributes:[DFA_Connected_Y_N:Yes, QBRecordID:107219, Longitude:29.45516, Latitude:-23.914593]], [attributes:[DFA_Connected_Y_N:Yes, QBRecordID:79590, Longitude:29.45659, Latitude:-23.911997]], [attributes:[DFA_Connected_Y_N:Yes, QBRecordID:73883, Longitude:29.451792, Latitude:-23.909008]], [attributes:[DFA_Connected_Y_N:Yes, QBRecordID:83467, Longitude:29.455254, Latitude:-23.910727]], [attributes:[DFA_Connected_Y_N:Yes, QBRecordID:82068, Longitude:29.453493, Latitude:-23.85895]], [attributes:[DFA_Connected_Y_N:Yes, QBRecordID:73754, Longitude:29.454512, Latitude:-23.902206]], [attributes:[DFA_Connected_Y_N:Yes, QBRecordID:79030, Longitude:29.463207, Latitude:-23.891373]], [attributes:[DFA_Connected_Y_N:Yes, QBRecordID:81613, Longitude:29.45368, Latitude:-23.88674]], [attributes:[DFA_Connected_Y_N:Yes, QBRecordID:94722, Longitude:29.438671, Latitude:-23.876564]], [attributes:[DFA_Connected_Y_N:Yes, QBRecordID:104793, Longitude:29.441252, Latitude:-23.878376]], [attributes:[DFA_Connected_Y_N:Yes, QBRecordID:79517, Longitude:29.47934, Latitude:-23.896582]], [attributes:[DFA_Connected_Y_N:Yes, QBRecordID:101877, Longitude:29.448044, Latitude:-23.912174]], [attributes:[DFA_Connected_Y_N:Yes, QBRecordID:106984, Longitude:29.438879, Latitude:-23.910141]], [attributes:[DFA_Connected_Y_N:Yes, QBRecordID:79311, Longitude:29.45292, Latitude:-23.909313]], [attributes:[DFA_Connected_Y_N:Yes, QBRecordID:94819, Longitude:29.450052, Latitude:-23.901318]], [attributes:[DFA_Connected_Y_N:Yes, QBRecordID:97370, Longitude:29.477413, Latitude:-23.864422]], [attributes:[DFA_Connected_Y_N:Yes, QBRecordID:78615, Longitude:29.472916, Latitude:-23.861715]], [attributes:[DFA_Connected_Y_N:Yes, QBRecordID:83592, Longitude:29.444654, Latitude:-23.871958]], [attributes:[DFA_Connected_Y_N:Yes, QBRecordID:94888, Longitude:29.479782, Latitude:-23.894894]], [attributes:[DFA_Connected_Y_N:Yes, QBRecordID:75898, Longitude:29.700853, Latitude:-23.890617]], [attributes:[DFA_Connected_Y_N:Yes, QBRecordID:0, Longitude:29.987625, Latitude:-26.521126]], [attributes:[DFA_Connected_Y_N:Yes, QBRecordID:100412, Longitude:29.97545, Latitude:-26.528913]], [attributes:[DFA_Connected_Y_N:Yes, QBRecordID:95073, Longitude:29.98479, Latitude:-26.522112]], [attributes:[DFA_Connected_Y_N:Yes, QBRecordID:103512, Longitude:29.976906, Latitude:-26.522802]], [attributes:[DFA_Connected_Y_N:Yes, QBRecordID:79024, Longitude:29.976168, Latitude:-26.521973]], [attributes:[DFA_Connected_Y_N:Yes, QBRecordID:104648, Longitude:29.985786, Latitude:-26.52333]], [attributes:[DFA_Connected_Y_N:Yes, QBRecordID:100085, Longitude:29.983486, Latitude:-26.51813]], [attributes:[DFA_Connected_Y_N:Yes, QBRecordID:80892, Longitude:29.985865, Latitude:-26.51751]], [attributes:[DFA_Connected_Y_N:Yes, QBRecordID:82687, Longitude:29.986567, Latitude:-26.523092]], [attributes:[DFA_Connected_Y_N:Yes, QBRecordID:105719, Longitude:29.46302, Latitude:-26.45923]], [attributes:[DFA_Connected_Y_N:Yes, QBRecordID:75849, Longitude:30.804941, Latitude:-27.009356]], [attributes:[DFA_Connected_Y_N:Yes, QBRecordID:82679, Longitude:29.486008, Latitude:-25.787027]], [attributes:[DFA_Connected_Y_N:Yes, QBRecordID:79995, Longitude:29.474699, Latitude:-25.79039]], [attributes:[DFA_Connected_Y_N:Yes, QBRecordID:79326, Longitude:29.480581, Latitude:-25.786255]], [attributes:[DFA_Connected_Y_N:Yes, QBRecordID:95335, Longitude:29.4957, Latitude:-25.78375]], [attributes:[DFA_Connected_Y_N:Yes, QBRecordID:92410, Longitude:29.499, Latitude:-25.78303]], [attributes:[DFA_Connected_Y_N:Yes, QBRecordID:78712, Longitude:29.460394, Latitude:-25.766504]], [attributes:[DFA_Connected_Y_N:Yes, QBRecordID:94611, Longitude:29.476818, Latitude:-25.772123]], [attributes:[DFA_Connected_Y_N:Yes, QBRecordID:88488, Longitude:29.449453, Latitude:-25.766193]], [attributes:[DFA_Connected_Y_N:Yes, QBRecordID:90333, Longitude:29.472683, Latitude:-25.773483]], [attributes:[DFA_Connected_Y_N:Yes, QBRecordID:78582, Longitude:29.46325, Latitude:-25.771248]], [attributes:[DFA_Connected_Y_N:Yes, QBRecordID:82138, Longitude:29.46095, Latitude:-25.808079]], [attributes:[DFA_Connected_Y_N:Yes, QBRecordID:97501, Longitude:29.460377, Latitude:-25.806717]], [attributes:[DFA_Connected_Y_N:Yes, QBRecordID:82625, Longitude:29.455513, Latitude:-25.804737]], [attributes:[DFA_Connected_Y_N:Yes, QBRecordID:92438, Longitude:29.466803, Latitude:-25.803825]], [attributes:[DFA_Connected_Y_N:Yes, QBRecordID:86317, Longitude:29.431002, Latitude:-25.752586]], [attributes:[DFA_Connected_Y_N:Yes, QBRecordID:104558, Longitude:29.455494, Latitude:-25.7619]], [attributes:[DFA_Connected_Y_N:Yes, QBRecordID:79029, Longitude:29.453836, Latitude:-25.762297]], [attributes:[DFA_Connected_Y_N:Yes, QBRecordID:80661, Longitude:29.22591, Latitude:-25.904058]], [attributes:[DFA_Connected_Y_N:Yes, QBRecordID:102872, Longitude:29.230362, Latitude:-25.900154]], [attributes:[DFA_Connected_Y_N:Yes, QBRecordID:82656, Longitude:29.236946, Latitude:-25.89857]], [attributes:[DFA_Connected_Y_N:Yes, QBRecordID:91561, Longitude:29.217192, Latitude:-25.874537]], [attributes:[DFA_Connected_Y_N:Yes, QBRecordID:12983, Longitude:29.20963, Latitude:-25.874506]], [attributes:[DFA_Connected_Y_N:Yes, QBRecordID:81159, Longitude:29.239712, Latitude:-25.87267]], [attributes:[DFA_Connected_Y_N:Yes, QBRecordID:80260, Longitude:29.168901, Latitude:-25.848423]], [attributes:[DFA_Connected_Y_N:Yes, QBRecordID:82081, Longitude:29.21454, Latitude:-25.875895]], [attributes:[DFA_Connected_Y_N:Yes, QBRecordID:97150, Longitude:29.224566, Latitude:-25.875244]], [attributes:[DFA_Connected_Y_N:Yes, QBRecordID:95420, Longitude:29.231384, Latitude:-25.883902]], [attributes:[DFA_Connected_Y_N:Yes, QBRecordID:97476, Longitude:29.229452, Latitude:-25.90068]], [attributes:[DFA_Connected_Y_N:Yes, QBRecordID:81014, Longitude:29.22892, Latitude:-25.857069]], [attributes:[DFA_Connected_Y_N:Yes, QBRecordID:93159, Longitude:29.241623, Latitude:-25.92442]], [attributes:[DFA_Connected_Y_N:Yes, QBRecordID:80588, Longitude:29.187735, Latitude:-26.499525]], [attributes:[DFA_Connected_Y_N:Yes, QBRecordID:94605, Longitude:29.18287, Latitude:-26.503815]], [attributes:[DFA_Connected_Y_N:Yes, QBRecordID:92769, Longitude:29.22359, Latitude:-26.489561]], [attributes:[DFA_Connected_Y_N:Yes, QBRecordID:80949, Longitude:29.279968, Latitude:-25.905018]], [attributes:[DFA_Connected_Y_N:Yes, QBRecordID:106059, Longitude:29.274755, Latitude:-25.887459]], [attributes:[DFA_Connected_Y_N:Yes, QBRecordID:105487, Longitude:29.27598, Latitude:-25.88828]], [attributes:[DFA_Connected_Y_N:Yes, QBRecordID:92973, Longitude:29.276705, Latitude:-25.887077]], [attributes:[DFA_Connected_Y_N:Yes, QBRecordID:99194, Longitude:29.274704, Latitude:-25.887955]], [attributes:[DFA_Connected_Y_N:Yes, QBRecordID:95965, Longitude:29.270914, Latitude:-25.883617]], [attributes:[DFA_Connected_Y_N:Yes, QBRecordID:80124, Longitude:29.187216, Latitude:-26.500502]], [attributes:[DFA_Connected_Y_N:Yes, QBRecordID:99171, Longitude:29.187218, Latitude:-26.50514]], [attributes:[DFA_Connected_Y_N:Yes, QBRecordID:0, Longitude:29.185413, Latitude:-26.503185]], [attributes:[DFA_Connected_Y_N:Yes, QBRecordID:80518, Longitude:29.217026, Latitude:-26.519257]], [attributes:[DFA_Connected_Y_N:Yes, QBRecordID:81595, Longitude:27.251806, Latitude:-25.706495]], [attributes:[DFA_Connected_Y_N:Yes, QBRecordID:87961, Longitude:27.254726, Latitude:-25.703842]], [attributes:[DFA_Connected_Y_N:Yes, QBRecordID:16866, Longitude:29.22797, Latitude:-26.501976]], [attributes:[DFA_Connected_Y_N:Yes, QBRecordID:99380, Longitude:27.239819, Latitude:-25.666733]], [attributes:[DFA_Connected_Y_N:Yes, QBRecordID:104519, Longitude:27.242723, Latitude:-25.668587]], [attributes:[DFA_Connected_Y_N:Yes, QBRecordID:79332, Longitude:27.24252, Latitude:-25.666441]], [attributes:[DFA_Connected_Y_N:Yes, QBRecordID:102480, Longitude:27.247536, Latitude:-25.670355]], [attributes:[DFA_Connected_Y_N:Yes, QBRecordID:90958, Longitude:27.245079, Latitude:-25.669636]], [attributes:[DFA_Connected_Y_N:Yes, QBRecordID:90972, Longitude:27.214289, Latitude:-25.640148]], [attributes:[DFA_Connected_Y_N:Yes, QBRecordID:82077, Longitude:27.238157, Latitude:-25.670883]], [attributes:[DFA_Connected_Y_N:Yes, QBRecordID:81815, Longitude:27.229916, Latitude:-25.635185]], [attributes:[DFA_Connected_Y_N:Yes, QBRecordID:103384, Longitude:27.240826, Latitude:-25.709677]], [attributes:[DFA_Connected_Y_N:Yes, QBRecordID:79898, Longitude:26.183805, Latitude:-29.116798]], [attributes:[DFA_Connected_Y_N:Yes, QBRecordID:0, Longitude:28.120903, Latitude:-26.261686]], [attributes:[DFA_Connected_Y_N:Yes, QBRecordID:0, Longitude:28.127996, Latitude:-26.296053]], [attributes:[DFA_Connected_Y_N:Yes, QBRecordID:0, Longitude:28.205383, Latitude:-26.145025]], [attributes:[DFA_Connected_Y_N:Yes, QBRecordID:0, Longitude:28.21898, Latitude:-26.114525]], [attributes:[DFA_Connected_Y_N:Yes, QBRecordID:0, Longitude:28.224255, Latitude:-26.163584]], [attributes:[DFA_Connected_Y_N:Yes, QBRecordID:0, Longitude:27.874006, Latitude:-26.213503]], [attributes:[DFA_Connected_Y_N:Yes, QBRecordID:0, Longitude:28.016624, Latitude:-26.02284]], [attributes:[DFA_Connected_Y_N:Yes, QBRecordID:0, Longitude:27.933989, Latitude:-26.272213]], [attributes:[DFA_Connected_Y_N:Yes, QBRecordID:0, Longitude:28.119429, Latitude:-26.206415]], [attributes:[DFA_Connected_Y_N:Yes, QBRecordID:0, Longitude:28.070007, Latitude:-26.222075]], [attributes:[DFA_Connected_Y_N:Yes, QBRecordID:79909, Longitude:29.185003, Latitude:-26.507229]], [attributes:[DFA_Connected_Y_N:Yes, QBRecordID:92014, Longitude:27.271032, Latitude:-25.692232]], [attributes:[DFA_Connected_Y_N:Yes, QBRecordID:104026, Longitude:27.26224, Latitude:-25.68872]], [attributes:[DFA_Connected_Y_N:Yes, QBRecordID:94478, Longitude:26.666716, Latitude:-26.866938]], [attributes:[DFA_Connected_Y_N:Yes, QBRecordID:90956, Longitude:27.241302, Latitude:-25.67542]], [attributes:[DFA_Connected_Y_N:Yes, QBRecordID:90959, Longitude:27.244667, Latitude:-25.67262]], [attributes:[DFA_Connected_Y_N:Yes, QBRecordID:79904, Longitude:27.238792, Latitude:-25.672565]], [attributes:[DFA_Connected_Y_N:Yes, QBRecordID:102130, Longitude:26.676739, Latitude:-26.850012]], [attributes:[DFA_Connected_Y_N:Yes, QBRecordID:79814, Longitude:26.676662, Latitude:-26.858112]], [attributes:[DFA_Connected_Y_N:Yes, QBRecordID:99168, Longitude:27.243237, Latitude:-25.664421]], [attributes:[DFA_Connected_Y_N:Yes, QBRecordID:94472, Longitude:27.099583, Latitude:-26.7139]], [attributes:[DFA_Connected_Y_N:Yes, QBRecordID:92229, Longitude:26.664993, Latitude:-26.87737]], [attributes:[DFA_Connected_Y_N:Yes, QBRecordID:104538, Longitude:26.666641, Latitude:-26.873291]], [attributes:[DFA_Connected_Y_N:Yes, QBRecordID:92652, Longitude:26.67577, Latitude:-26.837488]], [attributes:[DFA_Connected_Y_N:Yes, QBRecordID:92456, Longitude:26.67798, Latitude:-26.830494]], [attributes:[DFA_Connected_Y_N:Yes, QBRecordID:81666, Longitude:26.682076, Latitude:-26.853447]], [attributes:[DFA_Connected_Y_N:Yes, QBRecordID:82615, Longitude:26.676756, Latitude:-26.839077]], [attributes:[DFA_Connected_Y_N:Yes, QBRecordID:99179, Longitude:26.659447, Latitude:-26.864496]], [attributes:[DFA_Connected_Y_N:Yes, QBRecordID:94477, Longitude:26.66337, Latitude:-26.872135]], [attributes:[DFA_Connected_Y_N:Yes, QBRecordID:78188, Longitude:27.106768, Latitude:-26.712255]], [attributes:[DFA_Connected_Y_N:Yes, QBRecordID:82689, Longitude:27.098518, Latitude:-26.710789]], [attributes:[DFA_Connected_Y_N:Yes, QBRecordID:80812, Longitude:22.142494, Latitude:-34.18343]], [attributes:[DFA_Connected_Y_N:Yes, QBRecordID:79453, Longitude:22.103252, Latitude:-34.146347]], [attributes:[DFA_Connected_Y_N:Yes, QBRecordID:94863, Longitude:27.108978, Latitude:-26.712967]], [attributes:[DFA_Connected_Y_N:Yes, QBRecordID:79960, Longitude:22.448637, Latitude:-33.9907]], [attributes:[DFA_Connected_Y_N:Yes, QBRecordID:94895, Longitude:22.449844, Latitude:-33.990868]], [attributes:[DFA_Connected_Y_N:Yes, QBRecordID:18431, Longitude:22.45507, Latitude:-33.95933]], [attributes:[DFA_Connected_Y_N:Yes, QBRecordID:74105, Longitude:22.457403, Latitude:-33.956745]], [attributes:[DFA_Connected_Y_N:Yes, QBRecordID:80743, Longitude:22.4609, Latitude:-33.954666]], [attributes:[DFA_Connected_Y_N:Yes, QBRecordID:98366, Longitude:22.518343, Latitude:-33.991776]], [attributes:[DFA_Connected_Y_N:Yes, QBRecordID:82622, Longitude:18.964619, Latitude:-33.731827]], [attributes:[DFA_Connected_Y_N:Yes, QBRecordID:95450, Longitude:22.454357, Latitude:-33.98125]], [attributes:[DFA_Connected_Y_N:Yes, QBRecordID:92547, Longitude:18.961678, Latitude:-33.704224]], [attributes:[DFA_Connected_Y_N:Yes, QBRecordID:82394, Longitude:22.455893, Latitude:-33.958767]], [attributes:[DFA_Connected_Y_N:Yes, QBRecordID:92401, Longitude:18.962328, Latitude:-33.739906]], [attributes:[DFA_Connected_Y_N:Yes, QBRecordID:91490, Longitude:18.96441, Latitude:-33.736904]], [attributes:[DFA_Connected_Y_N:Yes, QBRecordID:81867, Longitude:18.962326, Latitude:-33.734592]], [attributes:[DFA_Connected_Y_N:Yes, QBRecordID:92787, Longitude:18.962654, Latitude:-33.741417]], [attributes:[DFA_Connected_Y_N:Yes, QBRecordID:80925, Longitude:18.962626, Latitude:-33.735077]], [attributes:[DFA_Connected_Y_N:Yes, QBRecordID:107210, Longitude:22.458975, Latitude:-33.960735]], [attributes:[DFA_Connected_Y_N:Yes, QBRecordID:80433, Longitude:18.97834, Latitude:-33.73264]], [attributes:[DFA_Connected_Y_N:Yes, QBRecordID:98158, Longitude:19.005672, Latitude:-33.63894]], [attributes:[DFA_Connected_Y_N:Yes, QBRecordID:76314, Longitude:18.983242, Latitude:-33.70434]], [attributes:[DFA_Connected_Y_N:Yes, QBRecordID:81945, Longitude:18.965763, Latitude:-33.739975]], [attributes:[DFA_Connected_Y_N:Yes, QBRecordID:82069, Longitude:18.965435, Latitude:-33.73854]], [attributes:[DFA_Connected_Y_N:Yes, QBRecordID:82171, Longitude:18.967937, Latitude:-33.737034]], [attributes:[DFA_Connected_Y_N:Yes, QBRecordID:82090, Longitude:18.964508, Latitude:-33.73133]], [attributes:[DFA_Connected_Y_N:Yes, QBRecordID:81324, Longitude:18.96197, Latitude:-33.732254]], [attributes:[DFA_Connected_Y_N:Yes, QBRecordID:91281, Longitude:18.986183, Latitude:-33.70344]], [attributes:[DFA_Connected_Y_N:Yes, QBRecordID:81079, Longitude:18.990353, Latitude:-33.64927]], [attributes:[DFA_Connected_Y_N:Yes, QBRecordID:17217, Longitude:18.575857, Latitude:-33.86978]], [attributes:[DFA_Connected_Y_N:Yes, QBRecordID:18278, Longitude:18.539267, Latitude:-33.88075]], [attributes:[DFA_Connected_Y_N:Yes, QBRecordID:16571, Longitude:18.656357, Latitude:-33.825306]], [attributes:[DFA_Connected_Y_N:Yes, QBRecordID:96842, Longitude:18.650267, Latitude:-33.827637]], [attributes:[DFA_Connected_Y_N:Yes, QBRecordID:78638, Longitude:18.651089, Latitude:-33.83034]], [attributes:[DFA_Connected_Y_N:Yes, QBRecordID:97631, Longitude:18.644375, Latitude:-33.831497]], [attributes:[DFA_Connected_Y_N:Yes, QBRecordID:94544, Longitude:18.643833, Latitude:-33.84647]], [attributes:[DFA_Connected_Y_N:Yes, QBRecordID:80816, Longitude:18.977144, Latitude:-33.73712]], [attributes:[DFA_Connected_Y_N:Yes, QBRecordID:81684, Longitude:18.973648, Latitude:-33.733047]], [attributes:[DFA_Connected_Y_N:Yes, QBRecordID:105735, Longitude:18.487883, Latitude:-33.580887]], [attributes:[DFA_Connected_Y_N:Yes, QBRecordID:8662, Longitude:18.628569, Latitude:-33.875847]], [attributes:[DFA_Connected_Y_N:Yes, QBRecordID:8664, Longitude:18.629433, Latitude:-33.87742]], [attributes:[DFA_Connected_Y_N:Yes, QBRecordID:8668, Longitude:18.63005, Latitude:-33.87799]], [attributes:[DFA_Connected_Y_N:Yes, QBRecordID:8669, Longitude:18.630589, Latitude:-33.878002]], [attributes:[DFA_Connected_Y_N:Yes, QBRecordID:8671, Longitude:18.62962, Latitude:-33.876797]], [attributes:[DFA_Connected_Y_N:Yes, QBRecordID:94765, Longitude:18.624727, Latitude:-33.854733]], [attributes:[DFA_Connected_Y_N:Yes, QBRecordID:95782, Longitude:18.92574, Latitude:-33.822945]], [attributes:[DFA_Connected_Y_N:Yes, QBRecordID:76553, Longitude:18.483826, Latitude:-33.596107]], [attributes:[DFA_Connected_Y_N:Yes, QBRecordID:16579, Longitude:18.696657, Latitude:-33.848225]], [attributes:[DFA_Connected_Y_N:Yes, QBRecordID:72591, Longitude:18.654531, Latitude:-33.92337]], [attributes:[DFA_Connected_Y_N:Yes, QBRecordID:94725, Longitude:18.645891, Latitude:-33.909843]], [attributes:[DFA_Connected_Y_N:Yes, QBRecordID:94547, Longitude:22.473219, Latitude:-33.972168]], [attributes:[DFA_Connected_Y_N:Yes, QBRecordID:17247, Longitude:18.544994, Latitude:-33.93109]], [attributes:[DFA_Connected_Y_N:Yes, QBRecordID:8234, Longitude:18.545496, Latitude:-33.93606]], [attributes:[DFA_Connected_Y_N:Yes, QBRecordID:79350, Longitude:18.480345, Latitude:-33.59128]], [attributes:[DFA_Connected_Y_N:Yes, QBRecordID:72609, Longitude:18.479868, Latitude:-33.590755]], [attributes:[DFA_Connected_Y_N:Yes, QBRecordID:15701, Longitude:18.539717, Latitude:-33.984314]], [attributes:[DFA_Connected_Y_N:Yes, QBRecordID:93274, Longitude:18.388332, Latitude:-33.37453]], [attributes:[DFA_Connected_Y_N:Yes, QBRecordID:8038, Longitude:18.577751, Latitude:-33.872974]], [attributes:[DFA_Connected_Y_N:Yes, QBRecordID:95813, Longitude:18.635023, Latitude:-33.888428]], [attributes:[DFA_Connected_Y_N:Yes, QBRecordID:97446, Longitude:18.624205, Latitude:-33.90107]], [attributes:[DFA_Connected_Y_N:Yes, QBRecordID:72230, Longitude:18.63107, Latitude:-33.890377]], [attributes:[DFA_Connected_Y_N:Yes, QBRecordID:89028, Longitude:18.62261, Latitude:-33.901127]], [attributes:[DFA_Connected_Y_N:Yes, QBRecordID:79557, Longitude:18.548525, Latitude:-33.92521]], [attributes:[DFA_Connected_Y_N:Yes, QBRecordID:93440, Longitude:18.545893, Latitude:-33.93573]], [attributes:[DFA_Connected_Y_N:Yes, QBRecordID:82215, Longitude:18.561363, Latitude:-33.931496]], [attributes:[DFA_Connected_Y_N:Yes, QBRecordID:15676, Longitude:18.561735, Latitude:-33.929832]], [attributes:[DFA_Connected_Y_N:Yes, QBRecordID:101038, Longitude:18.59151, Latitude:-33.98158]], [attributes:[DFA_Connected_Y_N:Yes, QBRecordID:8020, Longitude:18.5517, Latitude:-33.94029]], [attributes:[DFA_Connected_Y_N:Yes, QBRecordID:82507, Longitude:18.56111, Latitude:-33.937836]], [attributes:[DFA_Connected_Y_N:Yes, QBRecordID:103718, Longitude:18.579016, Latitude:-33.971573]], [attributes:[DFA_Connected_Y_N:Yes, QBRecordID:95171, Longitude:18.581099, Latitude:-33.973667]], [attributes:[DFA_Connected_Y_N:Yes, QBRecordID:16947, Longitude:18.641956, Latitude:-33.971207]], [attributes:[DFA_Connected_Y_N:Yes, QBRecordID:16566, Longitude:18.590412, Latitude:-33.9799]], [attributes:[DFA_Connected_Y_N:Yes, QBRecordID:82302, Longitude:18.587711, Latitude:-33.97755]], [attributes:[DFA_Connected_Y_N:Yes, QBRecordID:79514, Longitude:18.660316, Latitude:-33.92673]], [attributes:[DFA_Connected_Y_N:Yes, QBRecordID:103548, Longitude:18.65628, Latitude:-33.92218]], [attributes:[DFA_Connected_Y_N:Yes, QBRecordID:100128, Longitude:18.63023, Latitude:-33.89935]], [attributes:[DFA_Connected_Y_N:Yes, QBRecordID:82728, Longitude:18.674242, Latitude:-33.896393]], [attributes:[DFA_Connected_Y_N:Yes, QBRecordID:81027, Longitude:18.537954, Latitude:-33.906864]], [attributes:[DFA_Connected_Y_N:Yes, QBRecordID:103613, Longitude:18.586271, Latitude:-33.9055]], [attributes:[DFA_Connected_Y_N:Yes, QBRecordID:82354, Longitude:18.56687, Latitude:-33.893375]], [attributes:[DFA_Connected_Y_N:Yes, QBRecordID:73226, Longitude:18.646925, Latitude:-33.831207]], [attributes:[DFA_Connected_Y_N:Yes, QBRecordID:96841, Longitude:18.650608, Latitude:-33.828556]], [attributes:[DFA_Connected_Y_N:Yes, QBRecordID:10947, Longitude:18.602854, Latitude:-33.85829]], [attributes:[DFA_Connected_Y_N:Yes, QBRecordID:14393, Longitude:18.63245, Latitude:-33.926647]], [attributes:[DFA_Connected_Y_N:Yes, QBRecordID:76774, Longitude:18.653276, Latitude:-33.907913]], [attributes:[DFA_Connected_Y_N:Yes, QBRecordID:17079, Longitude:18.668423, Latitude:-33.907703]], [attributes:[DFA_Connected_Y_N:Yes, QBRecordID:93363, Longitude:18.654419, Latitude:-33.90681]], [attributes:[DFA_Connected_Y_N:Yes, QBRecordID:94522, Longitude:18.614492, Latitude:-33.93611]], [attributes:[DFA_Connected_Y_N:Yes, QBRecordID:97596, Longitude:18.65984, Latitude:-33.90334]], [attributes:[DFA_Connected_Y_N:Yes, QBRecordID:80292, Longitude:18.663342, Latitude:-33.904922]], [attributes:[DFA_Connected_Y_N:Yes, QBRecordID:75473, Longitude:18.543726, Latitude:-33.912945]], [attributes:[DFA_Connected_Y_N:Yes, QBRecordID:92209, Longitude:18.569777, Latitude:-33.915558]], [attributes:[DFA_Connected_Y_N:Yes, QBRecordID:17067, Longitude:18.582401, Latitude:-33.9184]], [attributes:[DFA_Connected_Y_N:Yes, QBRecordID:94129, Longitude:18.586027, Latitude:-33.91723]], [attributes:[DFA_Connected_Y_N:Yes, QBRecordID:80166, Longitude:18.978718, Latitude:-33.721237]], [attributes:[DFA_Connected_Y_N:Yes, QBRecordID:8663, Longitude:18.62897, Latitude:-33.87609]], [attributes:[DFA_Connected_Y_N:Yes, QBRecordID:8672, Longitude:18.63026, Latitude:-33.876945]], [attributes:[DFA_Connected_Y_N:Yes, QBRecordID:91270, Longitude:18.628044, Latitude:-33.902153]], [attributes:[DFA_Connected_Y_N:Yes, QBRecordID:91254, Longitude:18.4647, Latitude:-33.915874]], [attributes:[DFA_Connected_Y_N:Yes, QBRecordID:99017, Longitude:18.46813, Latitude:-33.91745]], [attributes:[DFA_Connected_Y_N:Yes, QBRecordID:5250, Longitude:18.463844, Latitude:-33.917004]], [attributes:[DFA_Connected_Y_N:Yes, QBRecordID:7857, Longitude:18.468878, Latitude:-33.919178]], [attributes:[DFA_Connected_Y_N:Yes, QBRecordID:90550, Longitude:18.472466, Latitude:-33.91737]], [attributes:[DFA_Connected_Y_N:Yes, QBRecordID:94296, Longitude:18.466206, Latitude:-33.915867]], [attributes:[DFA_Connected_Y_N:Yes, QBRecordID:73447, Longitude:18.507914, Latitude:-33.86919]], [attributes:[DFA_Connected_Y_N:Yes, QBRecordID:94322, Longitude:18.483347, Latitude:-33.895935]], [attributes:[DFA_Connected_Y_N:Yes, QBRecordID:90377, Longitude:18.430351, Latitude:-33.915985]], [attributes:[DFA_Connected_Y_N:Yes, QBRecordID:82808, Longitude:18.44405, Latitude:-33.725273]], [attributes:[DFA_Connected_Y_N:Yes, QBRecordID:92658, Longitude:18.441494, Latitude:-33.731026]], [attributes:[DFA_Connected_Y_N:Yes, QBRecordID:92551, Longitude:18.477808, Latitude:-33.819805]], [attributes:[DFA_Connected_Y_N:Yes, QBRecordID:80137, Longitude:18.5049, Latitude:-33.87717]], [attributes:[DFA_Connected_Y_N:Yes, QBRecordID:78674, Longitude:18.533827, Latitude:-33.814762]], [attributes:[DFA_Connected_Y_N:Yes, QBRecordID:16586, Longitude:18.666086, Latitude:-33.901806]], [attributes:[DFA_Connected_Y_N:Yes, QBRecordID:15818, Longitude:18.59655, Latitude:-33.969]], [attributes:[DFA_Connected_Y_N:Yes, QBRecordID:88528, Longitude:18.517075, Latitude:-33.868565]], [attributes:[DFA_Connected_Y_N:Yes, QBRecordID:93365, Longitude:18.523619, Latitude:-33.856182]], [attributes:[DFA_Connected_Y_N:Yes, QBRecordID:92553, Longitude:18.521389, Latitude:-33.856678]], [attributes:[DFA_Connected_Y_N:Yes, QBRecordID:79641, Longitude:18.522743, Latitude:-33.85532]], [attributes:[DFA_Connected_Y_N:Yes, QBRecordID:104604, Longitude:18.519926, Latitude:-33.85229]], [attributes:[DFA_Connected_Y_N:Yes, QBRecordID:13382, Longitude:18.567373, Latitude:-33.892975]], [attributes:[DFA_Connected_Y_N:Yes, QBRecordID:74766, Longitude:18.55538, Latitude:-33.891586]], [attributes:[DFA_Connected_Y_N:Yes, QBRecordID:104345, Longitude:18.542578, Latitude:-33.988884]], [attributes:[DFA_Connected_Y_N:Yes, QBRecordID:94216, Longitude:18.602278, Latitude:-33.905376]], [attributes:[DFA_Connected_Y_N:Yes, QBRecordID:82029, Longitude:18.604448, Latitude:-34.00331]], [attributes:[DFA_Connected_Y_N:Yes, QBRecordID:101936, Longitude:18.564701, Latitude:-33.891315]], [attributes:[DFA_Connected_Y_N:Yes, QBRecordID:17061, Longitude:18.64603, Latitude:-33.92002]], [attributes:[DFA_Connected_Y_N:Yes, QBRecordID:102277, Longitude:18.625912, Latitude:-33.90142]], [attributes:[DFA_Connected_Y_N:Yes, QBRecordID:85464, Longitude:18.639168, Latitude:-33.904724]], [attributes:[DFA_Connected_Y_N:Yes, QBRecordID:92177, Longitude:18.485426, Latitude:-33.913944]], [attributes:[DFA_Connected_Y_N:Yes, QBRecordID:75492, Longitude:18.482422, Latitude:-33.91587]], [attributes:[DFA_Connected_Y_N:Yes, QBRecordID:92483, Longitude:18.487675, Latitude:-33.913578]], [attributes:[DFA_Connected_Y_N:Yes, QBRecordID:82412, Longitude:18.669073, Latitude:-33.89683]], [attributes:[DFA_Connected_Y_N:Yes, QBRecordID:0, Longitude:18.504383, Latitude:-33.798203]], [attributes:[DFA_Connected_Y_N:Yes, QBRecordID:95725, Longitude:18.540745, Latitude:-33.808926]], [attributes:[DFA_Connected_Y_N:Yes, QBRecordID:75311, Longitude:28.159458, Latitude:-26.165108]], [attributes:[DFA_Connected_Y_N:Yes, QBRecordID:76081, Longitude:26.187857, Latitude:-29.117813]], [attributes:[DFA_Connected_Y_N:Yes, QBRecordID:82117, Longitude:27.84399, Latitude:-26.7333]], [attributes:[DFA_Connected_Y_N:Yes, QBRecordID:5501, Longitude:28.201754, Latitude:-25.856712]], [attributes:[DFA_Connected_Y_N:Yes, QBRecordID:74794, Longitude:28.26819, Latitude:-26.229359]], [attributes:[DFA_Connected_Y_N:Yes, QBRecordID:73204, Longitude:18.96387, Latitude:-33.73401]], [attributes:[DFA_Connected_Y_N:Yes, QBRecordID:5342, Longitude:28.190306, Latitude:-26.171614]], [attributes:[DFA_Connected_Y_N:Yes, QBRecordID:92686, Longitude:28.113308, Latitude:-26.255241]], [attributes:[DFA_Connected_Y_N:Yes, QBRecordID:75532, Longitude:18.58696, Latitude:-33.89366]], [attributes:[DFA_Connected_Y_N:Yes, QBRecordID:15498, Longitude:28.014124, Latitude:-26.0191]], [attributes:[DFA_Connected_Y_N:Yes, QBRecordID:2959, Longitude:28.047768, Latitude:-26.103842]], [attributes:[DFA_Connected_Y_N:Yes, QBRecordID:95371, Longitude:28.066402, Latitude:-26.129293]], [attributes:[DFA_Connected_Y_N:Yes, QBRecordID:92217, Longitude:28.145786, Latitude:-26.150396]], [attributes:[DFA_Connected_Y_N:Yes, QBRecordID:81166, Longitude:18.519968, Latitude:-33.864048]], [attributes:[DFA_Connected_Y_N:Yes, QBRecordID:92336, Longitude:18.477283, Latitude:-33.903328]], [attributes:[DFA_Connected_Y_N:Yes, QBRecordID:98637, Longitude:18.481422, Latitude:-33.897987]], [attributes:[DFA_Connected_Y_N:Yes, QBRecordID:80572, Longitude:18.483856, Latitude:-33.894123]], [attributes:[DFA_Connected_Y_N:Yes, QBRecordID:81716, Longitude:18.481441, Latitude:-33.897076]], [attributes:[DFA_Connected_Y_N:Yes, QBRecordID:88820, Longitude:18.482058, Latitude:-33.8963]], [attributes:[DFA_Connected_Y_N:Yes, QBRecordID:82213, Longitude:18.48253, Latitude:-33.895702]], [attributes:[DFA_Connected_Y_N:Yes, QBRecordID:80574, Longitude:18.51717, Latitude:-33.858852]], [attributes:[DFA_Connected_Y_N:Yes, QBRecordID:87876, Longitude:18.518024, Latitude:-33.858906]], [attributes:[DFA_Connected_Y_N:Yes, QBRecordID:79993, Longitude:18.51853, Latitude:-33.860023]], [attributes:[DFA_Connected_Y_N:Yes, QBRecordID:82247, Longitude:18.520716, Latitude:-33.865177]], [attributes:[DFA_Connected_Y_N:Yes, QBRecordID:76552, Longitude:18.48136, Latitude:-33.91467]], [attributes:[DFA_Connected_Y_N:Yes, QBRecordID:79353, Longitude:18.56418, Latitude:-33.932743]], [attributes:[DFA_Connected_Y_N:Yes, QBRecordID:105619, Longitude:18.479359, Latitude:-33.924484]], [attributes:[DFA_Connected_Y_N:Yes, QBRecordID:98514, Longitude:18.52416, Latitude:-33.927505]], [attributes:[DFA_Connected_Y_N:Yes, QBRecordID:91485, Longitude:18.472975, Latitude:-33.91553]], [attributes:[DFA_Connected_Y_N:Yes, QBRecordID:94352, Longitude:18.47668, Latitude:-33.914448]], [attributes:[DFA_Connected_Y_N:Yes, QBRecordID:82185, Longitude:18.467834, Latitude:-33.914906]], [attributes:[DFA_Connected_Y_N:Yes, QBRecordID:89053, Longitude:18.476337, Latitude:-33.915707]], [attributes:[DFA_Connected_Y_N:Yes, QBRecordID:79525, Longitude:18.47466, Latitude:-33.91429]], [attributes:[DFA_Connected_Y_N:Yes, QBRecordID:91953, Longitude:18.515297, Latitude:-33.85949]], [attributes:[DFA_Connected_Y_N:Yes, QBRecordID:88394, Longitude:18.52124, Latitude:-33.851112]], [attributes:[DFA_Connected_Y_N:Yes, QBRecordID:73395, Longitude:18.531612, Latitude:-33.82743]], [attributes:[DFA_Connected_Y_N:Yes, QBRecordID:72043, Longitude:18.535534, Latitude:-33.827766]], [attributes:[DFA_Connected_Y_N:Yes, QBRecordID:78258, Longitude:18.529636, Latitude:-33.82848]], [attributes:[DFA_Connected_Y_N:Yes, QBRecordID:82065, Longitude:18.428886, Latitude:-33.91477]], [attributes:[DFA_Connected_Y_N:Yes, QBRecordID:12565, Longitude:18.485352, Latitude:-33.89097]], [attributes:[DFA_Connected_Y_N:Yes, QBRecordID:16462, Longitude:18.435553, Latitude:-33.927254]], [attributes:[DFA_Connected_Y_N:Yes, QBRecordID:72597, Longitude:18.440159, Latitude:-33.92839]], [attributes:[DFA_Connected_Y_N:Yes, QBRecordID:76084, Longitude:18.43743, Latitude:-33.927334]], [attributes:[DFA_Connected_Y_N:Yes, QBRecordID:105622, Longitude:18.450966, Latitude:-33.927826]], [attributes:[DFA_Connected_Y_N:Yes, QBRecordID:89122, Longitude:18.451908, Latitude:-33.93
[...]
.498426, Latitude:-33.977196]], [attributes:[DFA_Connected_Y_N:Yes, QBRecordID:80264, Longitude:18.489677, Latitude:-33.985226]], [attributes:[DFA_Connected_Y_N:Yes, QBRecordID:3750, Longitude:18.483936, Latitude:-33.98744]], [attributes:[DFA_Connected_Y_N:Yes, QBRecordID:5460, Longitude:18.487654, Latitude:-33.990257]], [attributes:[DFA_Connected_Y_N:Yes, QBRecordID:73908, Longitude:18.463488, Latitude:-34.004566]], [attributes:[DFA_Connected_Y_N:Yes, QBRecordID:8299, Longitude:18.462296, Latitude:-34.068413]], [attributes:[DFA_Connected_Y_N:Yes, QBRecordID:8299, Longitude:18.463028, Latitude:-34.06931]], [attributes:[DFA_Connected_Y_N:Yes, QBRecordID:91350, Longitude:18.700972, Latitude:-33.87316]], [attributes:[DFA_Connected_Y_N:Yes, QBRecordID:90592, Longitude:18.51261, Latitude:-34.026894]], [attributes:[DFA_Connected_Y_N:Yes, QBRecordID:17075, Longitude:18.531939, Latitude:-33.979267]], [attributes:[DFA_Connected_Y_N:Yes, QBRecordID:79914, Longitude:18.534813, Latitude:-33.970715]], [attributes:[DFA_Connected_Y_N:Yes, QBRecordID:82105, Longitude:18.589657, Latitude:-33.960457]], [attributes:[DFA_Connected_Y_N:Yes, QBRecordID:73523, Longitude:18.47021, Latitude:-33.947014]], [attributes:[DFA_Connected_Y_N:Yes, QBRecordID:73440, Longitude:18.671816, Latitude:-34.033657]], [attributes:[DFA_Connected_Y_N:Yes, QBRecordID:92358, Longitude:18.47029, Latitude:-33.961834]], [attributes:[DFA_Connected_Y_N:Yes, QBRecordID:103486, Longitude:18.429777, Latitude:-34.076633]], [attributes:[DFA_Connected_Y_N:Yes, QBRecordID:3075, Longitude:18.425762, Latitude:-33.918762]], [attributes:[DFA_Connected_Y_N:Yes, QBRecordID:3076, Longitude:18.42552, Latitude:-33.918995]], [attributes:[DFA_Connected_Y_N:Yes, QBRecordID:1684, Longitude:28.084562, Latitude:-26.062765]], [attributes:[DFA_Connected_Y_N:Yes, QBRecordID:3439, Longitude:28.02043, Latitude:-26.112635]], [attributes:[DFA_Connected_Y_N:Yes, QBRecordID:2930, Longitude:28.022497, Latitude:-26.114958]], [attributes:[DFA_Connected_Y_N:Yes, QBRecordID:1542, Longitude:28.11193, Latitude:-26.17906]], [attributes:[DFA_Connected_Y_N:Yes, QBRecordID:965, Longitude:28.109463, Latitude:-26.18215]], [attributes:[DFA_Connected_Y_N:Yes, QBRecordID:3977, Longitude:28.106176, Latitude:-26.18287]], [attributes:[DFA_Connected_Y_N:Yes, QBRecordID:974, Longitude:28.106829, Latitude:-26.182917]], [attributes:[DFA_Connected_Y_N:Yes, QBRecordID:946, Longitude:28.081717, Latitude:-26.096483]], [attributes:[DFA_Connected_Y_N:Yes, QBRecordID:1745, Longitude:28.083374, Latitude:-26.095]], [attributes:[DFA_Connected_Y_N:Yes, QBRecordID:1349, Longitude:28.081205, Latitude:-26.096842]], [attributes:[DFA_Connected_Y_N:Yes, QBRecordID:945, Longitude:28.077583, Latitude:-26.09826]], [attributes:[DFA_Connected_Y_N:Yes, QBRecordID:1319, Longitude:28.078379, Latitude:-26.098026]], [attributes:[DFA_Connected_Y_N:Yes, QBRecordID:859, Longitude:28.058025, Latitude:-26.152172]], [attributes:[DFA_Connected_Y_N:Yes, QBRecordID:855, Longitude:28.058271, Latitude:-26.152685]], [attributes:[DFA_Connected_Y_N:Yes, QBRecordID:6766, Longitude:28.131561, Latitude:-25.966204]], [attributes:[DFA_Connected_Y_N:Yes, QBRecordID:1608, Longitude:18.51292, Latitude:-33.865063]], [attributes:[DFA_Connected_Y_N:Yes, QBRecordID:3159, Longitude:18.512339, Latitude:-33.86571]], [attributes:[DFA_Connected_Y_N:Yes, QBRecordID:1012, Longitude:28.135366, Latitude:-25.966917]], [attributes:[DFA_Connected_Y_N:Yes, QBRecordID:1744, Longitude:28.135742, Latitude:-25.9673]], [attributes:[DFA_Connected_Y_N:Yes, QBRecordID:1737, Longitude:28.135233, Latitude:-25.957197]], [attributes:[DFA_Connected_Y_N:Yes, QBRecordID:1736, Longitude:28.135183, Latitude:-25.957415]], [attributes:[DFA_Connected_Y_N:Yes, QBRecordID:1586, Longitude:18.513502, Latitude:-33.867004]], [attributes:[DFA_Connected_Y_N:Yes, QBRecordID:1574, Longitude:18.51421, Latitude:-33.865456]], [attributes:[DFA_Connected_Y_N:Yes, QBRecordID:3543, Longitude:18.513956, Latitude:-33.862724]], [attributes:[DFA_Connected_Y_N:Yes, QBRecordID:3537, Longitude:18.513569, Latitude:-33.862415]], [attributes:[DFA_Connected_Y_N:Yes, QBRecordID:16917, Longitude:18.513388, Latitude:-33.8682]], [attributes:[DFA_Connected_Y_N:Yes, QBRecordID:1592, Longitude:18.512478, Latitude:-33.867035]], [attributes:[DFA_Connected_Y_N:Yes, QBRecordID:2440, Longitude:28.124023, Latitude:-26.011944]], [attributes:[DFA_Connected_Y_N:Yes, QBRecordID:2788, Longitude:31.068232, Latitude:-29.747513]], [attributes:[DFA_Connected_Y_N:Yes, QBRecordID:2790, Longitude:31.071606, Latitude:-29.736712]], [attributes:[DFA_Connected_Y_N:Yes, QBRecordID:33286, Longitude:31.070768, Latitude:-29.734127]], [attributes:[DFA_Connected_Y_N:Yes, QBRecordID:1929, Longitude:28.03158, Latitude:-26.117804]], [attributes:[DFA_Connected_Y_N:Yes, QBRecordID:1928, Longitude:28.031578, Latitude:-26.11829]], [attributes:[DFA_Connected_Y_N:Yes, QBRecordID:3992, Longitude:28.041605, Latitude:-26.145393]], [attributes:[DFA_Connected_Y_N:Yes, QBRecordID:1988, Longitude:28.25707, Latitude:-25.86162]], [attributes:[DFA_Connected_Y_N:Yes, QBRecordID:1953, Longitude:28.258762, Latitude:-25.863464]], [attributes:[DFA_Connected_Y_N:Yes, QBRecordID:1955, Longitude:28.25881, Latitude:-25.863808]], [attributes:[DFA_Connected_Y_N:Yes, QBRecordID:2096, Longitude:28.257744, Latitude:-25.864098]], [attributes:[DFA_Connected_Y_N:Yes, QBRecordID:1956, Longitude:28.25846, Latitude:-25.863596]], [attributes:[DFA_Connected_Y_N:Yes, QBRecordID:2045, Longitude:28.25661, Latitude:-25.859024]], [attributes:[DFA_Connected_Y_N:Yes, QBRecordID:941, Longitude:28.00009, Latitude:-26.092104]], [attributes:[DFA_Connected_Y_N:Yes, QBRecordID:546, Longitude:28.000088, Latitude:-26.098278]], [attributes:[DFA_Connected_Y_N:Yes, QBRecordID:1525, Longitude:28.132973, Latitude:-25.976086]], [attributes:[DFA_Connected_Y_N:Yes, QBRecordID:4014, Longitude:28.13278, Latitude:-25.975908]], [attributes:[DFA_Connected_Y_N:Yes, QBRecordID:1734, Longitude:28.131718, Latitude:-25.977736]], [attributes:[DFA_Connected_Y_N:Yes, QBRecordID:940, Longitude:28.134155, Latitude:-25.97596]], [attributes:[DFA_Connected_Y_N:Yes, QBRecordID:1523, Longitude:28.13344, Latitude:-25.975704]], [attributes:[DFA_Connected_Y_N:Yes, QBRecordID:4029, Longitude:28.056112, Latitude:-26.104128]], [attributes:[DFA_Connected_Y_N:Yes, QBRecordID:820, Longitude:28.057468, Latitude:-26.10915]], [attributes:[DFA_Connected_Y_N:Yes, QBRecordID:2895, Longitude:28.056044, Latitude:-26.105415]], [attributes:[DFA_Connected_Y_N:Yes, QBRecordID:4020, Longitude:28.133768, Latitude:-25.975939]], [attributes:[DFA_Connected_Y_N:Yes, QBRecordID:4018, Longitude:28.133583, Latitude:-25.976265]], [attributes:[DFA_Connected_Y_N:Yes, QBRecordID:2251, Longitude:28.01496, Latitude:-26.04436]], [attributes:[DFA_Connected_Y_N:Yes, QBRecordID:1903, Longitude:28.012388, Latitude:-26.04026]], [attributes:[DFA_Connected_Y_N:Yes, QBRecordID:1899, Longitude:28.01095, Latitude:-26.040497]], [attributes:[DFA_Connected_Y_N:Yes, QBRecordID:1920, Longitude:28.020155, Latitude:-26.04922]], [attributes:[DFA_Connected_Y_N:Yes, QBRecordID:1154, Longitude:28.06293, Latitude:-26.080542]], [attributes:[DFA_Connected_Y_N:Yes, QBRecordID:2563, Longitude:18.636497, Latitude:-33.87849]], [attributes:[DFA_Connected_Y_N:Yes, QBRecordID:2589, Longitude:18.636335, Latitude:-33.878967]], [attributes:[DFA_Connected_Y_N:Yes, QBRecordID:2588, Longitude:18.636274, Latitude:-33.883926]], [attributes:[DFA_Connected_Y_N:Yes, QBRecordID:1150, Longitude:28.065525, Latitude:-26.075848]], [attributes:[DFA_Connected_Y_N:Yes, QBRecordID:3521, Longitude:28.050184, Latitude:-26.103373]], [attributes:[DFA_Connected_Y_N:Yes, QBRecordID:2490, Longitude:28.02679, Latitude:-26.184189]], [attributes:[DFA_Connected_Y_N:Yes, QBRecordID:2480, Longitude:28.022594, Latitude:-26.18348]], [attributes:[DFA_Connected_Y_N:Yes, QBRecordID:1770, Longitude:28.130587, Latitude:-25.974834]], [attributes:[DFA_Connected_Y_N:Yes, QBRecordID:3548, Longitude:28.27855, Latitude:-25.764668]], [attributes:[DFA_Connected_Y_N:Yes, QBRecordID:2945, Longitude:28.056984, Latitude:-26.106318]], [attributes:[DFA_Connected_Y_N:Yes, QBRecordID:3907, Longitude:28.058544, Latitude:-26.106764]], [attributes:[DFA_Connected_Y_N:Yes, QBRecordID:1939, Longitude:28.030378, Latitude:-26.121357]], [attributes:[DFA_Connected_Y_N:Yes, QBRecordID:1942, Longitude:28.030725, Latitude:-26.1217]], [attributes:[DFA_Connected_Y_N:Yes, QBRecordID:1276, Longitude:28.18348, Latitude:-25.873522]], [attributes:[DFA_Connected_Y_N:Yes, QBRecordID:1728, Longitude:28.1818, Latitude:-25.875061]], [attributes:[DFA_Connected_Y_N:Yes, QBRecordID:3905, Longitude:28.182066, Latitude:-25.87444]], [attributes:[DFA_Connected_Y_N:Yes, QBRecordID:1253, Longitude:28.188053, Latitude:-25.871056]], [attributes:[DFA_Connected_Y_N:Yes, QBRecordID:2605, Longitude:18.634537, Latitude:-33.878727]], [attributes:[DFA_Connected_Y_N:Yes, QBRecordID:2606, Longitude:18.634205, Latitude:-33.87786]], [attributes:[DFA_Connected_Y_N:Yes, QBRecordID:1254, Longitude:28.187317, Latitude:-25.870794]], [attributes:[DFA_Connected_Y_N:Yes, QBRecordID:2594, Longitude:18.635382, Latitude:-33.877563]], [attributes:[DFA_Connected_Y_N:Yes, QBRecordID:1806, Longitude:18.434944, Latitude:-34.07732]], [attributes:[DFA_Connected_Y_N:Yes, QBRecordID:1228, Longitude:18.43776, Latitude:-34.07679]]], exceededTransferLimit:true]

at java.base/jdk.internal.reflect.NativeConstructorAccessorImpl.newInstance0(Native Method)
at java.base/jdk.internal.reflect.NativeConstructorAccessorImpl.newInstance(NativeConstructorAccessorImpl.java:62)
at java.base/jdk.internal.reflect.DelegatingConstructorAccessorImpl.newInstance(DelegatingConstructorAccessorImpl.java:45)
at java.base/java.lang.reflect.Constructor.newInstanceWithCaller(Constructor.java:500)
at java.base/java.lang.reflect.Constructor.newInstance(Constructor.java:481)
at org.codehaus.groovy.reflection.CachedConstructor.invoke(CachedConstructor.java:80)
at org.codehaus.groovy.reflection.CachedConstructor.doConstructorInvoke(CachedConstructor.java:74)
at org.codehaus.groovy.runtime.callsite.ConstructorSite$ConstructorSiteNoUnwrap.callConstructor(ConstructorSite.java:84)
at org.codehaus.groovy.runtime.callsite.AbstractCallSite.callConstructor(AbstractCallSite.java:249)
at io.restassured.internal.ResponseSpecificationImpl$HamcrestAssertionClosure.validate(ResponseSpecificationImpl.groovy:493)
at io.restassured.internal.ResponseSpecificationImpl$HamcrestAssertionClosure$validate$1.call(Unknown Source)
at io.restassured.internal.ResponseSpecificationImpl.validateResponseIfRequired(ResponseSpecificationImpl.groovy:674)
at jdk.internal.reflect.GeneratedMethodAccessor14.invoke(Unknown Source)
at java.base/jdk.internal.reflect.DelegatingMethodAccessorImpl.invoke(DelegatingMethodAccessorImpl.java:43)
at java.base/java.lang.reflect.Method.invoke(Method.java:567)
at org.codehaus.groovy.runtime.callsite.PlainObjectMetaMethodSite.doInvoke(PlainObjectMetaMethodSite.java:43)
at org.codehaus.groovy.runtime.callsite.PogoMetaMethodSite$PogoCachedMethodSiteNoUnwrapNoCoerce.invoke(PogoMetaMethodSite.java:190)
at org.codehaus.groovy.runtime.callsite.PogoMetaMethodSite.callCurrent(PogoMetaMethodSite.java:58)
at org.codehaus.groovy.runtime.callsite.AbstractCallSite.callCurrent(AbstractCallSite.java:168)
at io.restassured.internal.ResponseSpecificationImpl.body(ResponseSpecificationImpl.groovy:98)
at io.restassured.internal.ValidatableResponseOptionsImpl.body(ValidatableResponseOptionsImpl.java:238)
at io.restassured.internal.ValidatableResponseImpl.super$2$body(ValidatableResponseImpl.groovy)
at java.base/jdk.internal.reflect.NativeMethodAccessorImpl.invoke0(Native Method)
at java.base/jdk.internal.reflect.NativeMethodAccessorImpl.invoke(NativeMethodAccessorImpl.java:62)
at java.base/jdk.internal.reflect.DelegatingMethodAccessorImpl.invoke(DelegatingMethodAccessorImpl.java:43)
at java.base/java.lang.reflect.Method.invoke(Method.java:567)
at org.codehaus.groovy.reflection.CachedMethod.invoke(CachedMethod.java:101)
at groovy.lang.MetaMethod.doMethodInvoke(MetaMethod.java:323)
at groovy.lang.MetaClassImpl.invokeMethod(MetaClassImpl.java:1217)
at org.codehaus.groovy.runtime.ScriptBytecodeAdapter.invokeMethodOnSuperN(ScriptBytecodeAdapter.java:144)
at io.restassured.internal.ValidatableResponseImpl.body(ValidatableResponseImpl.groovy:293)
at io.restassured.internal.ValidatableResponseImpl.body(ValidatableResponseImpl.groovy)
at com.ICM_UxAPI.GetConnectedBuildings.validresultOffsetIs1001getConnectedBuildings(GetConnectedBuildings.java:80)
at java.base/jdk.internal.reflect.NativeMethodAccessorImpl.invoke0(Native Method)
at java.base/jdk.internal.reflect.NativeMethodAccessorImpl.invoke(NativeMethodAccessorImpl.java:62)
at java.base/jdk.internal.reflect.DelegatingMethodAccessorImpl.invoke(DelegatingMethodAccessorImpl.java:43)
at java.base/java.lang.reflect.Method.invoke(Method.java:567)
at org.testng.internal.MethodInvocationHelper.invokeMethod(MethodInvocationHelper.java:124)
at org.testng.internal.Invoker.invokeMethod(Invoker.java:583)
at org.testng.internal.Invoker.invokeTestMethod(Invoker.java:719)
at org.testng.internal.Invoker.invokeTestMethods(Invoker.java:989)
at org.testng.internal.TestMethodWorker.invokeTestMethods(TestMethodWorker.java:125)
at org.testng.internal.TestMethodWorker.run(TestMethodWorker.java:109)
at org.testng.TestRunner.privateRun(TestRunner.java:648)
at org.testng.TestRunner.run(TestRunner.java:505)
at org.testng.SuiteRunner.runTest(SuiteRunner.java:455)
at org.testng.SuiteRunner.access$000(SuiteRunner.java:40)
at org.testng.SuiteRunner$SuiteWorker.run(SuiteRunner.java:489)
at org.testng.internal.thread.ThreadUtil$1.call(ThreadUtil.java:52)
at java.base/java.util.concurrent.FutureTask.run(FutureTask.java:264)
at java.base/java.util.concurrent.ThreadPoolExecutor.runWorker(ThreadPoolExecutor.java:1128)
at java.base/java.util.concurrent.ThreadPoolExecutor$Worker.run(ThreadPoolExecutor.java:628)
at java.base/java.lang.Thread.run(Thread.java:830)
]]>
    </failure>
  </testcase> <!-- validresultOffsetIs1001getConnectedBuildings -->
  <testcase classname="com.ICM_UxAPI.GetConnectedBuildings" name="lastParamresultOffsetIs10000getConnectedBuildings" time="1.173">
    <failure message="1 expectation failed.
JSON path exceededTransferLimit doesn&#039;t match.
Expected: is &lt;true&gt;
  Actual: null
" type="java.lang.AssertionError">
      <![CDATA[java.lang.AssertionError: 1 expectation failed.
JSON path exceededTransferLimit doesn't match.
Expected: is <true>
  Actual: null

at java.base/jdk.internal.reflect.NativeConstructorAccessorImpl.newInstance0(Native Method)
at java.base/jdk.internal.reflect.NativeConstructorAccessorImpl.newInstance(NativeConstructorAccessorImpl.java:62)
at java.base/jdk.internal.reflect.DelegatingConstructorAccessorImpl.newInstance(DelegatingConstructorAccessorImpl.java:45)
at java.base/java.lang.reflect.Constructor.newInstanceWithCaller(Constructor.java:500)
at java.base/java.lang.reflect.Constructor.newInstance(Constructor.java:481)
at org.codehaus.groovy.reflection.CachedConstructor.invoke(CachedConstructor.java:80)
at org.codehaus.groovy.reflection.CachedConstructor.doConstructorInvoke(CachedConstructor.java:74)
at org.codehaus.groovy.runtime.callsite.ConstructorSite$ConstructorSiteNoUnwrap.callConstructor(ConstructorSite.java:84)
at org.codehaus.groovy.runtime.callsite.AbstractCallSite.callConstructor(AbstractCallSite.java:249)
at io.restassured.internal.ResponseSpecificationImpl$HamcrestAssertionClosure.validate(ResponseSpecificationImpl.groovy:493)
at io.restassured.internal.ResponseSpecificationImpl$HamcrestAssertionClosure$validate$1.call(Unknown Source)
at io.restassured.internal.ResponseSpecificationImpl.validateResponseIfRequired(ResponseSpecificationImpl.groovy:674)
at jdk.internal.reflect.GeneratedMethodAccessor14.invoke(Unknown Source)
at java.base/jdk.internal.reflect.DelegatingMethodAccessorImpl.invoke(DelegatingMethodAccessorImpl.java:43)
at java.base/java.lang.reflect.Method.invoke(Method.java:567)
at org.codehaus.groovy.runtime.callsite.PlainObjectMetaMethodSite.doInvoke(PlainObjectMetaMethodSite.java:43)
at org.codehaus.groovy.runtime.callsite.PogoMetaMethodSite$PogoCachedMethodSiteNoUnwrapNoCoerce.invoke(PogoMetaMethodSite.java:190)
at org.codehaus.groovy.runtime.callsite.PogoMetaMethodSite.callCurrent(PogoMetaMethodSite.java:58)
at org.codehaus.groovy.runtime.callsite.AbstractCallSite.callCurrent(AbstractCallSite.java:168)
at io.restassured.internal.ResponseSpecificationImpl.body(ResponseSpecificationImpl.groovy:261)
at io.restassured.specification.ResponseSpecification$body$4.callCurrent(Unknown Source)
at io.restassured.internal.ResponseSpecificationImpl.body(ResponseSpecificationImpl.groovy:108)
at io.restassured.internal.ValidatableResponseOptionsImpl.body(ValidatableResponseOptionsImpl.java:244)
at io.restassured.internal.ValidatableResponseImpl.super$2$body(ValidatableResponseImpl.groovy)
at jdk.internal.reflect.GeneratedMethodAccessor172.invoke(Unknown Source)
at java.base/jdk.internal.reflect.DelegatingMethodAccessorImpl.invoke(DelegatingMethodAccessorImpl.java:43)
at java.base/java.lang.reflect.Method.invoke(Method.java:567)
at org.codehaus.groovy.reflection.CachedMethod.invoke(CachedMethod.java:101)
at groovy.lang.MetaMethod.doMethodInvoke(MetaMethod.java:323)
at groovy.lang.MetaClassImpl.invokeMethod(MetaClassImpl.java:1217)
at org.codehaus.groovy.runtime.ScriptBytecodeAdapter.invokeMethodOnSuperN(ScriptBytecodeAdapter.java:144)
at io.restassured.internal.ValidatableResponseImpl.body(ValidatableResponseImpl.groovy:298)
at io.restassured.internal.ValidatableResponseImpl.body(ValidatableResponseImpl.groovy)
at com.ICM_UxAPI.GetConnectedBuildings.lastParamresultOffsetIs10000getConnectedBuildings(GetConnectedBuildings.java:94)
at java.base/jdk.internal.reflect.NativeMethodAccessorImpl.invoke0(Native Method)
at java.base/jdk.internal.reflect.NativeMethodAccessorImpl.invoke(NativeMethodAccessorImpl.java:62)
at java.base/jdk.internal.reflect.DelegatingMethodAccessorImpl.invoke(DelegatingMethodAccessorImpl.java:43)
at java.base/java.lang.reflect.Method.invoke(Method.java:567)
at org.testng.internal.MethodInvocationHelper.invokeMethod(MethodInvocationHelper.java:124)
at org.testng.internal.Invoker.invokeMethod(Invoker.java:583)
at org.testng.internal.Invoker.invokeTestMethod(Invoker.java:719)
at org.testng.internal.Invoker.invokeTestMethods(Invoker.java:989)
at org.testng.internal.TestMethodWorker.invokeTestMethods(TestMethodWorker.java:125)
at org.testng.internal.TestMethodWorker.run(TestMethodWorker.java:109)
at org.testng.TestRunner.privateRun(TestRunner.java:648)
at org.testng.TestRunner.run(TestRunner.java:505)
at org.testng.SuiteRunner.runTest(SuiteRunner.java:455)
at org.testng.SuiteRunner.access$000(SuiteRunner.java:40)
at org.testng.SuiteRunner$SuiteWorker.run(SuiteRunner.java:489)
at org.testng.internal.thread.ThreadUtil$1.call(ThreadUtil.java:52)
at java.base/java.util.concurrent.FutureTask.run(FutureTask.java:264)
at java.base/java.util.concurrent.ThreadPoolExecutor.runWorker(ThreadPoolExecutor.java:1128)
at java.base/java.util.concurrent.ThreadPoolExecutor$Worker.run(ThreadPoolExecutor.java:628)
at java.base/java.lang.Thread.run(Thread.java:830)
]]>
    </failure>
  </testcase> <!-- lastParamresultOffsetIs10000getConnectedBuildings -->
  <testcase classname="com.ICM_UxAPI.GetConnectedBuildings" name="invalidresultOffsetIs29300011getConnectedBuildings" time="0.938"/>
  <testcase classname="com.ICM_UxAPI.GetConnectedBuildings" name="invalidreturnGeometryIsfalseegetConnectedBuildings" time="0.426"/>
  <testcase classname="com.ICM_UxAPI.GetConnectedBuildings" name="validreturnGeometryIstruegetConnectedBuildings" time="2.535"/>
  <testcase classname="com.ICM_UxAPI.GetConnectedBuildings" name="invalidreturnGeometryIstrueegetConnectedBuildings" time="0.478"/>
</testsuite> <!-- com.ICM_UxAPI.GetConnectedBuildings -->
